[2025-11-26 05:31:01] local.ERROR: Target class [App\Http\Controllers\Backend\Content\AccountController] does not exist. {"exception":"[object] (Illuminate\\Contracts\\Container\\BindingResolutionException(code: 0): Target class [App\\Http\\Controllers\\Backend\\Content\\AccountController] does not exist. at C:\\laragon\\www\\Solartech_Services_Foundation\\vendor\\laravel\\framework\\src\\Illuminate\\Container\\Container.php:879)
[stacktrace]
#0 C:\\laragon\\www\\Solartech_Services_Foundation\\vendor\\laravel\\framework\\src\\Illuminate\\Container\\Container.php(758): Illuminate\\Container\\Container->build('App\\\\Http\\\\Contro...')
#1 C:\\laragon\\www\\Solartech_Services_Foundation\\vendor\\laravel\\framework\\src\\Illuminate\\Foundation\\Application.php(851): Illuminate\\Container\\Container->resolve('App\\\\Http\\\\Contro...', Array, true)
#2 C:\\laragon\\www\\Solartech_Services_Foundation\\vendor\\laravel\\framework\\src\\Illuminate\\Container\\Container.php(694): Illuminate\\Foundation\\Application->resolve('App\\\\Http\\\\Contro...', Array)
#3 C:\\laragon\\www\\Solartech_Services_Foundation\\vendor\\laravel\\framework\\src\\Illuminate\\Foundation\\Application.php(836): Illuminate\\Container\\Container->make('App\\\\Http\\\\Contro...', Array)
#4 C:\\laragon\\www\\Solartech_Services_Foundation\\vendor\\laravel\\framework\\src\\Illuminate\\Routing\\Route.php(276): Illuminate\\Foundation\\Application->make('App\\\\Http\\\\Contro...')
#5 C:\\laragon\\www\\Solartech_Services_Foundation\\vendor\\laravel\\framework\\src\\Illuminate\\Routing\\Route.php(1080): Illuminate\\Routing\\Route->getController()
#6 C:\\laragon\\www\\Solartech_Services_Foundation\\vendor\\laravel\\framework\\src\\Illuminate\\Routing\\Route.php(1023): Illuminate\\Routing\\Route->controllerMiddleware()
#7 C:\\laragon\\www\\Solartech_Services_Foundation\\vendor\\laravel\\framework\\src\\Illuminate\\Routing\\Router.php(734): Illuminate\\Routing\\Route->gatherMiddleware()
#8 C:\\laragon\\www\\Solartech_Services_Foundation\\vendor\\laravel\\framework\\src\\Illuminate\\Foundation\\Console\\RouteListCommand.php(175): Illuminate\\Routing\\Router->gatherRouteMiddleware(Object(Illuminate\\Routing\\Route))
#9 C:\\laragon\\www\\Solartech_Services_Foundation\\vendor\\laravel\\framework\\src\\Illuminate\\Foundation\\Console\\RouteListCommand.php(119): Illuminate\\Foundation\\Console\\RouteListCommand->getMiddleware(Object(Illuminate\\Routing\\Route))
#10 C:\\laragon\\www\\Solartech_Services_Foundation\\vendor\\laravel\\framework\\src\\Illuminate\\Foundation\\Console\\RouteListCommand.php(91): Illuminate\\Foundation\\Console\\RouteListCommand->getRouteInformation(Object(Illuminate\\Routing\\Route))
#11 [internal function]: Illuminate\\Foundation\\Console\\RouteListCommand->Illuminate\\Foundation\\Console\\{closure}(Object(Illuminate\\Routing\\Route), 206)
#12 C:\\laragon\\www\\Solartech_Services_Foundation\\vendor\\laravel\\framework\\src\\Illuminate\\Collections\\Collection.php(695): array_map(Object(Closure), Array, Array)
#13 C:\\laragon\\www\\Solartech_Services_Foundation\\vendor\\laravel\\framework\\src\\Illuminate\\Foundation\\Console\\RouteListCommand.php(90): Illuminate\\Support\\Collection->map(Object(Closure))
#14 C:\\laragon\\www\\Solartech_Services_Foundation\\vendor\\laravel\\framework\\src\\Illuminate\\Foundation\\Console\\RouteListCommand.php(76): Illuminate\\Foundation\\Console\\RouteListCommand->getRoutes()
#15 C:\\laragon\\www\\Solartech_Services_Foundation\\vendor\\laravel\\framework\\src\\Illuminate\\Container\\BoundMethod.php(36): Illuminate\\Foundation\\Console\\RouteListCommand->handle()
#16 C:\\laragon\\www\\Solartech_Services_Foundation\\vendor\\laravel\\framework\\src\\Illuminate\\Container\\Util.php(40): Illuminate\\Container\\BoundMethod::Illuminate\\Container\\{closure}()
#17 C:\\laragon\\www\\Solartech_Services_Foundation\\vendor\\laravel\\framework\\src\\Illuminate\\Container\\BoundMethod.php(93): Illuminate\\Container\\Util::unwrapIfClosure(Object(Closure))
#18 C:\\laragon\\www\\Solartech_Services_Foundation\\vendor\\laravel\\framework\\src\\Illuminate\\Container\\BoundMethod.php(35): Illuminate\\Container\\BoundMethod::callBoundMethod(Object(Illuminate\\Foundation\\Application), Array, Object(Closure))
#19 C:\\laragon\\www\\Solartech_Services_Foundation\\vendor\\laravel\\framework\\src\\Illuminate\\Container\\Container.php(653): Illuminate\\Container\\BoundMethod::call(Object(Illuminate\\Foundation\\Application), Array, Array, NULL)
#20 C:\\laragon\\www\\Solartech_Services_Foundation\\vendor\\laravel\\framework\\src\\Illuminate\\Console\\Command.php(136): Illuminate\\Container\\Container->call(Array)
#21 C:\\laragon\\www\\Solartech_Services_Foundation\\vendor\\symfony\\console\\Command\\Command.php(298): Illuminate\\Console\\Command->execute(Object(Symfony\\Component\\Console\\Input\\ArgvInput), Object(Illuminate\\Console\\OutputStyle))
#22 C:\\laragon\\www\\Solartech_Services_Foundation\\vendor\\laravel\\framework\\src\\Illuminate\\Console\\Command.php(120): Symfony\\Component\\Console\\Command\\Command->run(Object(Symfony\\Component\\Console\\Input\\ArgvInput), Object(Illuminate\\Console\\OutputStyle))
#23 C:\\laragon\\www\\Solartech_Services_Foundation\\vendor\\symfony\\console\\Application.php(1040): Illuminate\\Console\\Command->run(Object(Symfony\\Component\\Console\\Input\\ArgvInput), Object(Symfony\\Component\\Console\\Output\\ConsoleOutput))
#24 C:\\laragon\\www\\Solartech_Services_Foundation\\vendor\\symfony\\console\\Application.php(301): Symfony\\Component\\Console\\Application->doRunCommand(Object(Illuminate\\Foundation\\Console\\RouteListCommand), Object(Symfony\\Component\\Console\\Input\\ArgvInput), Object(Symfony\\Component\\Console\\Output\\ConsoleOutput))
#25 C:\\laragon\\www\\Solartech_Services_Foundation\\vendor\\symfony\\console\\Application.php(171): Symfony\\Component\\Console\\Application->doRun(Object(Symfony\\Component\\Console\\Input\\ArgvInput), Object(Symfony\\Component\\Console\\Output\\ConsoleOutput))
#26 C:\\laragon\\www\\Solartech_Services_Foundation\\vendor\\laravel\\framework\\src\\Illuminate\\Console\\Application.php(94): Symfony\\Component\\Console\\Application->run(Object(Symfony\\Component\\Console\\Input\\ArgvInput), Object(Symfony\\Component\\Console\\Output\\ConsoleOutput))
#27 C:\\laragon\\www\\Solartech_Services_Foundation\\vendor\\laravel\\framework\\src\\Illuminate\\Foundation\\Console\\Kernel.php(129): Illuminate\\Console\\Application->run(Object(Symfony\\Component\\Console\\Input\\ArgvInput), Object(Symfony\\Component\\Console\\Output\\ConsoleOutput))
#28 C:\\laragon\\www\\Solartech_Services_Foundation\\artisan(35): Illuminate\\Foundation\\Console\\Kernel->handle(Object(Symfony\\Component\\Console\\Input\\ArgvInput), Object(Symfony\\Component\\Console\\Output\\ConsoleOutput))
#29 {main}

[previous exception] [object] (ReflectionException(code: -1): Class \"App\\Http\\Controllers\\Backend\\Content\\AccountController\" does not exist at C:\\laragon\\www\\Solartech_Services_Foundation\\vendor\\laravel\\framework\\src\\Illuminate\\Container\\Container.php:877)
[stacktrace]
#0 C:\\laragon\\www\\Solartech_Services_Foundation\\vendor\\laravel\\framework\\src\\Illuminate\\Container\\Container.php(877): ReflectionClass->__construct('App\\\\Http\\\\Contro...')
#1 C:\\laragon\\www\\Solartech_Services_Foundation\\vendor\\laravel\\framework\\src\\Illuminate\\Container\\Container.php(758): Illuminate\\Container\\Container->build('App\\\\Http\\\\Contro...')
#2 C:\\laragon\\www\\Solartech_Services_Foundation\\vendor\\laravel\\framework\\src\\Illuminate\\Foundation\\Application.php(851): Illuminate\\Container\\Container->resolve('App\\\\Http\\\\Contro...', Array, true)
#3 C:\\laragon\\www\\Solartech_Services_Foundation\\vendor\\laravel\\framework\\src\\Illuminate\\Container\\Container.php(694): Illuminate\\Foundation\\Application->resolve('App\\\\Http\\\\Contro...', Array)
#4 C:\\laragon\\www\\Solartech_Services_Foundation\\vendor\\laravel\\framework\\src\\Illuminate\\Foundation\\Application.php(836): Illuminate\\Container\\Container->make('App\\\\Http\\\\Contro...', Array)
#5 C:\\laragon\\www\\Solartech_Services_Foundation\\vendor\\laravel\\framework\\src\\Illuminate\\Routing\\Route.php(276): Illuminate\\Foundation\\Application->make('App\\\\Http\\\\Contro...')
#6 C:\\laragon\\www\\Solartech_Services_Foundation\\vendor\\laravel\\framework\\src\\Illuminate\\Routing\\Route.php(1080): Illuminate\\Routing\\Route->getController()
#7 C:\\laragon\\www\\Solartech_Services_Foundation\\vendor\\laravel\\framework\\src\\Illuminate\\Routing\\Route.php(1023): Illuminate\\Routing\\Route->controllerMiddleware()
#8 C:\\laragon\\www\\Solartech_Services_Foundation\\vendor\\laravel\\framework\\src\\Illuminate\\Routing\\Router.php(734): Illuminate\\Routing\\Route->gatherMiddleware()
#9 C:\\laragon\\www\\Solartech_Services_Foundation\\vendor\\laravel\\framework\\src\\Illuminate\\Foundation\\Console\\RouteListCommand.php(175): Illuminate\\Routing\\Router->gatherRouteMiddleware(Object(Illuminate\\Routing\\Route))
#10 C:\\laragon\\www\\Solartech_Services_Foundation\\vendor\\laravel\\framework\\src\\Illuminate\\Foundation\\Console\\RouteListCommand.php(119): Illuminate\\Foundation\\Console\\RouteListCommand->getMiddleware(Object(Illuminate\\Routing\\Route))
#11 C:\\laragon\\www\\Solartech_Services_Foundation\\vendor\\laravel\\framework\\src\\Illuminate\\Foundation\\Console\\RouteListCommand.php(91): Illuminate\\Foundation\\Console\\RouteListCommand->getRouteInformation(Object(Illuminate\\Routing\\Route))
#12 [internal function]: Illuminate\\Foundation\\Console\\RouteListCommand->Illuminate\\Foundation\\Console\\{closure}(Object(Illuminate\\Routing\\Route), 206)
#13 C:\\laragon\\www\\Solartech_Services_Foundation\\vendor\\laravel\\framework\\src\\Illuminate\\Collections\\Collection.php(695): array_map(Object(Closure), Array, Array)
#14 C:\\laragon\\www\\Solartech_Services_Foundation\\vendor\\laravel\\framework\\src\\Illuminate\\Foundation\\Console\\RouteListCommand.php(90): Illuminate\\Support\\Collection->map(Object(Closure))
#15 C:\\laragon\\www\\Solartech_Services_Foundation\\vendor\\laravel\\framework\\src\\Illuminate\\Foundation\\Console\\RouteListCommand.php(76): Illuminate\\Foundation\\Console\\RouteListCommand->getRoutes()
#16 C:\\laragon\\www\\Solartech_Services_Foundation\\vendor\\laravel\\framework\\src\\Illuminate\\Container\\BoundMethod.php(36): Illuminate\\Foundation\\Console\\RouteListCommand->handle()
#17 C:\\laragon\\www\\Solartech_Services_Foundation\\vendor\\laravel\\framework\\src\\Illuminate\\Container\\Util.php(40): Illuminate\\Container\\BoundMethod::Illuminate\\Container\\{closure}()
#18 C:\\laragon\\www\\Solartech_Services_Foundation\\vendor\\laravel\\framework\\src\\Illuminate\\Container\\BoundMethod.php(93): Illuminate\\Container\\Util::unwrapIfClosure(Object(Closure))
#19 C:\\laragon\\www\\Solartech_Services_Foundation\\vendor\\laravel\\framework\\src\\Illuminate\\Container\\BoundMethod.php(35): Illuminate\\Container\\BoundMethod::callBoundMethod(Object(Illuminate\\Foundation\\Application), Array, Object(Closure))
#20 C:\\laragon\\www\\Solartech_Services_Foundation\\vendor\\laravel\\framework\\src\\Illuminate\\Container\\Container.php(653): Illuminate\\Container\\BoundMethod::call(Object(Illuminate\\Foundation\\Application), Array, Array, NULL)
#21 C:\\laragon\\www\\Solartech_Services_Foundation\\vendor\\laravel\\framework\\src\\Illuminate\\Console\\Command.php(136): Illuminate\\Container\\Container->call(Array)
#22 C:\\laragon\\www\\Solartech_Services_Foundation\\vendor\\symfony\\console\\Command\\Command.php(298): Illuminate\\Console\\Command->execute(Object(Symfony\\Component\\Console\\Input\\ArgvInput), Object(Illuminate\\Console\\OutputStyle))
#23 C:\\laragon\\www\\Solartech_Services_Foundation\\vendor\\laravel\\framework\\src\\Illuminate\\Console\\Command.php(120): Symfony\\Component\\Console\\Command\\Command->run(Object(Symfony\\Component\\Console\\Input\\ArgvInput), Object(Illuminate\\Console\\OutputStyle))
#24 C:\\laragon\\www\\Solartech_Services_Foundation\\vendor\\symfony\\console\\Application.php(1040): Illuminate\\Console\\Command->run(Object(Symfony\\Component\\Console\\Input\\ArgvInput), Object(Symfony\\Component\\Console\\Output\\ConsoleOutput))
#25 C:\\laragon\\www\\Solartech_Services_Foundation\\vendor\\symfony\\console\\Application.php(301): Symfony\\Component\\Console\\Application->doRunCommand(Object(Illuminate\\Foundation\\Console\\RouteListCommand), Object(Symfony\\Component\\Console\\Input\\ArgvInput), Object(Symfony\\Component\\Console\\Output\\ConsoleOutput))
#26 C:\\laragon\\www\\Solartech_Services_Foundation\\vendor\\symfony\\console\\Application.php(171): Symfony\\Component\\Console\\Application->doRun(Object(Symfony\\Component\\Console\\Input\\ArgvInput), Object(Symfony\\Component\\Console\\Output\\ConsoleOutput))
#27 C:\\laragon\\www\\Solartech_Services_Foundation\\vendor\\laravel\\framework\\src\\Illuminate\\Console\\Application.php(94): Symfony\\Component\\Console\\Application->run(Object(Symfony\\Component\\Console\\Input\\ArgvInput), Object(Symfony\\Component\\Console\\Output\\ConsoleOutput))
#28 C:\\laragon\\www\\Solartech_Services_Foundation\\vendor\\laravel\\framework\\src\\Illuminate\\Foundation\\Console\\Kernel.php(129): Illuminate\\Console\\Application->run(Object(Symfony\\Component\\Console\\Input\\ArgvInput), Object(Symfony\\Component\\Console\\Output\\ConsoleOutput))
#29 C:\\laragon\\www\\Solartech_Services_Foundation\\artisan(35): Illuminate\\Foundation\\Console\\Kernel->handle(Object(Symfony\\Component\\Console\\Input\\ArgvInput), Object(Symfony\\Component\\Console\\Output\\ConsoleOutput))
#30 {main}
"} 
[2025-11-26 05:31:02] local.ERROR: Uncaught Whoops\Exception\ErrorException: Using ${var} in strings is deprecated, use {$var} instead in C:\laragon\www\Solartech_Services_Foundation\vendor\facade\ignition\src\SolutionProviders\MergeConflictSolutionProvider.php:52
Stack trace:
#0 C:\laragon\www\Solartech_Services_Foundation\vendor\composer\ClassLoader.php(576): Whoops\Run->handleError(8192, 'Using ${var} in...', 'C:\\laragon\\www\\...', 52)
#1 C:\laragon\www\Solartech_Services_Foundation\vendor\composer\ClassLoader.php(576): include()
#2 C:\laragon\www\Solartech_Services_Foundation\vendor\composer\ClassLoader.php(427): Composer\Autoload\{closure}('C:\\laragon\\www\\...')
#3 [internal function]: Composer\Autoload\ClassLoader->loadClass('Facade\\Ignition...')
#4 C:\laragon\www\Solartech_Services_Foundation\vendor\facade\ignition\src\SolutionProviders\SolutionProviderRepository.php(50): class_implements('Facade\\Ignition...')
#5 [internal function]: Facade\Ignition\SolutionProviders\SolutionProviderRepository->Facade\Ignition\SolutionProviders\{closure}('Facade\\Ignition...', 10)
#6 C:\laragon\www\Solartech_Services_Foundation\vendor\laravel\framework\src\Illuminate\Collections\Arr.php(717): array_filter(Array, Object(Closure), 1)
#7 C:\laragon\www\Solartech_Services_Foundation\vendor\laravel\framework\src\Illuminate\Collections\Collection.php(358): Illuminate\Support\Arr::where(Array, Object(Closure))
#8 C:\laragon\www\Solartech_Services_Foundation\vendor\facade\ignition\src\SolutionProviders\SolutionProviderRepository.php(49): Illuminate\Support\Collection->filter(Object(Closure))
#9 C:\laragon\www\Solartech_Services_Foundation\vendor\nunomaduro\collision\src\Adapters\Laravel\IgnitionSolutionsRepository.php(36): Facade\Ignition\SolutionProviders\SolutionProviderRepository->getSolutionsForThrowable(Object(Whoops\Exception\ErrorException))
#10 C:\laragon\www\Solartech_Services_Foundation\vendor\nunomaduro\collision\src\Writer.php(244): NunoMaduro\Collision\Adapters\Laravel\IgnitionSolutionsRepository->getFromThrowable(Object(Whoops\Exception\ErrorException))
#11 C:\laragon\www\Solartech_Services_Foundation\vendor\nunomaduro\collision\src\Writer.php(123): NunoMaduro\Collision\Writer->renderSolution(Object(Whoops\Exception\Inspector))
#12 C:\laragon\www\Solartech_Services_Foundation\vendor\nunomaduro\collision\src\Handler.php(39): NunoMaduro\Collision\Writer->write(Object(Whoops\Exception\Inspector))
#13 C:\laragon\www\Solartech_Services_Foundation\vendor\filp\whoops\src\Whoops\Run.php(370): NunoMaduro\Collision\Handler->handle(Object(Whoops\Exception\ErrorException))
#14 [internal function]: Whoops\Run->handleException(Object(Whoops\Exception\ErrorException))
#15 {main}
  thrown {"exception":"[object] (Symfony\\Component\\ErrorHandler\\Error\\FatalError(code: 0): Uncaught Whoops\\Exception\\ErrorException: Using ${var} in strings is deprecated, use {$var} instead in C:\\laragon\\www\\Solartech_Services_Foundation\\vendor\\facade\\ignition\\src\\SolutionProviders\\MergeConflictSolutionProvider.php:52
Stack trace:
#0 C:\\laragon\\www\\Solartech_Services_Foundation\\vendor\\composer\\ClassLoader.php(576): Whoops\\Run->handleError(8192, 'Using ${var} in...', 'C:\\\\laragon\\\\www\\\\...', 52)
#1 C:\\laragon\\www\\Solartech_Services_Foundation\\vendor\\composer\\ClassLoader.php(576): include()
#2 C:\\laragon\\www\\Solartech_Services_Foundation\\vendor\\composer\\ClassLoader.php(427): Composer\\Autoload\\{closure}('C:\\\\laragon\\\\www\\\\...')
#3 [internal function]: Composer\\Autoload\\ClassLoader->loadClass('Facade\\\\Ignition...')
#4 C:\\laragon\\www\\Solartech_Services_Foundation\\vendor\\facade\\ignition\\src\\SolutionProviders\\SolutionProviderRepository.php(50): class_implements('Facade\\\\Ignition...')
#5 [internal function]: Facade\\Ignition\\SolutionProviders\\SolutionProviderRepository->Facade\\Ignition\\SolutionProviders\\{closure}('Facade\\\\Ignition...', 10)
#6 C:\\laragon\\www\\Solartech_Services_Foundation\\vendor\\laravel\\framework\\src\\Illuminate\\Collections\\Arr.php(717): array_filter(Array, Object(Closure), 1)
#7 C:\\laragon\\www\\Solartech_Services_Foundation\\vendor\\laravel\\framework\\src\\Illuminate\\Collections\\Collection.php(358): Illuminate\\Support\\Arr::where(Array, Object(Closure))
#8 C:\\laragon\\www\\Solartech_Services_Foundation\\vendor\\facade\\ignition\\src\\SolutionProviders\\SolutionProviderRepository.php(49): Illuminate\\Support\\Collection->filter(Object(Closure))
#9 C:\\laragon\\www\\Solartech_Services_Foundation\\vendor\\nunomaduro\\collision\\src\\Adapters\\Laravel\\IgnitionSolutionsRepository.php(36): Facade\\Ignition\\SolutionProviders\\SolutionProviderRepository->getSolutionsForThrowable(Object(Whoops\\Exception\\ErrorException))
#10 C:\\laragon\\www\\Solartech_Services_Foundation\\vendor\\nunomaduro\\collision\\src\\Writer.php(244): NunoMaduro\\Collision\\Adapters\\Laravel\\IgnitionSolutionsRepository->getFromThrowable(Object(Whoops\\Exception\\ErrorException))
#11 C:\\laragon\\www\\Solartech_Services_Foundation\\vendor\\nunomaduro\\collision\\src\\Writer.php(123): NunoMaduro\\Collision\\Writer->renderSolution(Object(Whoops\\Exception\\Inspector))
#12 C:\\laragon\\www\\Solartech_Services_Foundation\\vendor\\nunomaduro\\collision\\src\\Handler.php(39): NunoMaduro\\Collision\\Writer->write(Object(Whoops\\Exception\\Inspector))
#13 C:\\laragon\\www\\Solartech_Services_Foundation\\vendor\\filp\\whoops\\src\\Whoops\\Run.php(370): NunoMaduro\\Collision\\Handler->handle(Object(Whoops\\Exception\\ErrorException))
#14 [internal function]: Whoops\\Run->handleException(Object(Whoops\\Exception\\ErrorException))
#15 {main}
  thrown at C:\\laragon\\www\\Solartech_Services_Foundation\\vendor\\facade\\ignition\\src\\SolutionProviders\\MergeConflictSolutionProvider.php:52)
[stacktrace]
#0 {main}
"} 
[2025-11-26 05:38:01] local.ERROR: Target class [App\Http\Controllers\Backend\Content\AccountController] does not exist. {"exception":"[object] (Illuminate\\Contracts\\Container\\BindingResolutionException(code: 0): Target class [App\\Http\\Controllers\\Backend\\Content\\AccountController] does not exist. at C:\\laragon\\www\\Solartech_Services_Foundation\\vendor\\laravel\\framework\\src\\Illuminate\\Container\\Container.php:879)
[stacktrace]
#0 C:\\laragon\\www\\Solartech_Services_Foundation\\vendor\\laravel\\framework\\src\\Illuminate\\Container\\Container.php(758): Illuminate\\Container\\Container->build('App\\\\Http\\\\Contro...')
#1 C:\\laragon\\www\\Solartech_Services_Foundation\\vendor\\laravel\\framework\\src\\Illuminate\\Foundation\\Application.php(851): Illuminate\\Container\\Container->resolve('App\\\\Http\\\\Contro...', Array, true)
#2 C:\\laragon\\www\\Solartech_Services_Foundation\\vendor\\laravel\\framework\\src\\Illuminate\\Container\\Container.php(694): Illuminate\\Foundation\\Application->resolve('App\\\\Http\\\\Contro...', Array)
#3 C:\\laragon\\www\\Solartech_Services_Foundation\\vendor\\laravel\\framework\\src\\Illuminate\\Foundation\\Application.php(836): Illuminate\\Container\\Container->make('App\\\\Http\\\\Contro...', Array)
#4 C:\\laragon\\www\\Solartech_Services_Foundation\\vendor\\laravel\\framework\\src\\Illuminate\\Routing\\Route.php(276): Illuminate\\Foundation\\Application->make('App\\\\Http\\\\Contro...')
#5 C:\\laragon\\www\\Solartech_Services_Foundation\\vendor\\laravel\\framework\\src\\Illuminate\\Routing\\Route.php(1080): Illuminate\\Routing\\Route->getController()
#6 C:\\laragon\\www\\Solartech_Services_Foundation\\vendor\\laravel\\framework\\src\\Illuminate\\Routing\\Route.php(1023): Illuminate\\Routing\\Route->controllerMiddleware()
#7 C:\\laragon\\www\\Solartech_Services_Foundation\\vendor\\laravel\\framework\\src\\Illuminate\\Routing\\Router.php(734): Illuminate\\Routing\\Route->gatherMiddleware()
#8 C:\\laragon\\www\\Solartech_Services_Foundation\\vendor\\laravel\\framework\\src\\Illuminate\\Foundation\\Console\\RouteListCommand.php(175): Illuminate\\Routing\\Router->gatherRouteMiddleware(Object(Illuminate\\Routing\\Route))
#9 C:\\laragon\\www\\Solartech_Services_Foundation\\vendor\\laravel\\framework\\src\\Illuminate\\Foundation\\Console\\RouteListCommand.php(119): Illuminate\\Foundation\\Console\\RouteListCommand->getMiddleware(Object(Illuminate\\Routing\\Route))
#10 C:\\laragon\\www\\Solartech_Services_Foundation\\vendor\\laravel\\framework\\src\\Illuminate\\Foundation\\Console\\RouteListCommand.php(91): Illuminate\\Foundation\\Console\\RouteListCommand->getRouteInformation(Object(Illuminate\\Routing\\Route))
#11 [internal function]: Illuminate\\Foundation\\Console\\RouteListCommand->Illuminate\\Foundation\\Console\\{closure}(Object(Illuminate\\Routing\\Route), 206)
#12 C:\\laragon\\www\\Solartech_Services_Foundation\\vendor\\laravel\\framework\\src\\Illuminate\\Collections\\Collection.php(695): array_map(Object(Closure), Array, Array)
#13 C:\\laragon\\www\\Solartech_Services_Foundation\\vendor\\laravel\\framework\\src\\Illuminate\\Foundation\\Console\\RouteListCommand.php(90): Illuminate\\Support\\Collection->map(Object(Closure))
#14 C:\\laragon\\www\\Solartech_Services_Foundation\\vendor\\laravel\\framework\\src\\Illuminate\\Foundation\\Console\\RouteListCommand.php(76): Illuminate\\Foundation\\Console\\RouteListCommand->getRoutes()
#15 C:\\laragon\\www\\Solartech_Services_Foundation\\vendor\\laravel\\framework\\src\\Illuminate\\Container\\BoundMethod.php(36): Illuminate\\Foundation\\Console\\RouteListCommand->handle()
#16 C:\\laragon\\www\\Solartech_Services_Foundation\\vendor\\laravel\\framework\\src\\Illuminate\\Container\\Util.php(40): Illuminate\\Container\\BoundMethod::Illuminate\\Container\\{closure}()
#17 C:\\laragon\\www\\Solartech_Services_Foundation\\vendor\\laravel\\framework\\src\\Illuminate\\Container\\BoundMethod.php(93): Illuminate\\Container\\Util::unwrapIfClosure(Object(Closure))
#18 C:\\laragon\\www\\Solartech_Services_Foundation\\vendor\\laravel\\framework\\src\\Illuminate\\Container\\BoundMethod.php(35): Illuminate\\Container\\BoundMethod::callBoundMethod(Object(Illuminate\\Foundation\\Application), Array, Object(Closure))
#19 C:\\laragon\\www\\Solartech_Services_Foundation\\vendor\\laravel\\framework\\src\\Illuminate\\Container\\Container.php(653): Illuminate\\Container\\BoundMethod::call(Object(Illuminate\\Foundation\\Application), Array, Array, NULL)
#20 C:\\laragon\\www\\Solartech_Services_Foundation\\vendor\\laravel\\framework\\src\\Illuminate\\Console\\Command.php(136): Illuminate\\Container\\Container->call(Array)
#21 C:\\laragon\\www\\Solartech_Services_Foundation\\vendor\\symfony\\console\\Command\\Command.php(298): Illuminate\\Console\\Command->execute(Object(Symfony\\Component\\Console\\Input\\ArgvInput), Object(Illuminate\\Console\\OutputStyle))
#22 C:\\laragon\\www\\Solartech_Services_Foundation\\vendor\\laravel\\framework\\src\\Illuminate\\Console\\Command.php(120): Symfony\\Component\\Console\\Command\\Command->run(Object(Symfony\\Component\\Console\\Input\\ArgvInput), Object(Illuminate\\Console\\OutputStyle))
#23 C:\\laragon\\www\\Solartech_Services_Foundation\\vendor\\symfony\\console\\Application.php(1040): Illuminate\\Console\\Command->run(Object(Symfony\\Component\\Console\\Input\\ArgvInput), Object(Symfony\\Component\\Console\\Output\\ConsoleOutput))
#24 C:\\laragon\\www\\Solartech_Services_Foundation\\vendor\\symfony\\console\\Application.php(301): Symfony\\Component\\Console\\Application->doRunCommand(Object(Illuminate\\Foundation\\Console\\RouteListCommand), Object(Symfony\\Component\\Console\\Input\\ArgvInput), Object(Symfony\\Component\\Console\\Output\\ConsoleOutput))
#25 C:\\laragon\\www\\Solartech_Services_Foundation\\vendor\\symfony\\console\\Application.php(171): Symfony\\Component\\Console\\Application->doRun(Object(Symfony\\Component\\Console\\Input\\ArgvInput), Object(Symfony\\Component\\Console\\Output\\ConsoleOutput))
#26 C:\\laragon\\www\\Solartech_Services_Foundation\\vendor\\laravel\\framework\\src\\Illuminate\\Console\\Application.php(94): Symfony\\Component\\Console\\Application->run(Object(Symfony\\Component\\Console\\Input\\ArgvInput), Object(Symfony\\Component\\Console\\Output\\ConsoleOutput))
#27 C:\\laragon\\www\\Solartech_Services_Foundation\\vendor\\laravel\\framework\\src\\Illuminate\\Foundation\\Console\\Kernel.php(129): Illuminate\\Console\\Application->run(Object(Symfony\\Component\\Console\\Input\\ArgvInput), Object(Symfony\\Component\\Console\\Output\\ConsoleOutput))
#28 C:\\laragon\\www\\Solartech_Services_Foundation\\artisan(35): Illuminate\\Foundation\\Console\\Kernel->handle(Object(Symfony\\Component\\Console\\Input\\ArgvInput), Object(Symfony\\Component\\Console\\Output\\ConsoleOutput))
#29 {main}

[previous exception] [object] (ReflectionException(code: -1): Class \"App\\Http\\Controllers\\Backend\\Content\\AccountController\" does not exist at C:\\laragon\\www\\Solartech_Services_Foundation\\vendor\\laravel\\framework\\src\\Illuminate\\Container\\Container.php:877)
[stacktrace]
#0 C:\\laragon\\www\\Solartech_Services_Foundation\\vendor\\laravel\\framework\\src\\Illuminate\\Container\\Container.php(877): ReflectionClass->__construct('App\\\\Http\\\\Contro...')
#1 C:\\laragon\\www\\Solartech_Services_Foundation\\vendor\\laravel\\framework\\src\\Illuminate\\Container\\Container.php(758): Illuminate\\Container\\Container->build('App\\\\Http\\\\Contro...')
#2 C:\\laragon\\www\\Solartech_Services_Foundation\\vendor\\laravel\\framework\\src\\Illuminate\\Foundation\\Application.php(851): Illuminate\\Container\\Container->resolve('App\\\\Http\\\\Contro...', Array, true)
#3 C:\\laragon\\www\\Solartech_Services_Foundation\\vendor\\laravel\\framework\\src\\Illuminate\\Container\\Container.php(694): Illuminate\\Foundation\\Application->resolve('App\\\\Http\\\\Contro...', Array)
#4 C:\\laragon\\www\\Solartech_Services_Foundation\\vendor\\laravel\\framework\\src\\Illuminate\\Foundation\\Application.php(836): Illuminate\\Container\\Container->make('App\\\\Http\\\\Contro...', Array)
#5 C:\\laragon\\www\\Solartech_Services_Foundation\\vendor\\laravel\\framework\\src\\Illuminate\\Routing\\Route.php(276): Illuminate\\Foundation\\Application->make('App\\\\Http\\\\Contro...')
#6 C:\\laragon\\www\\Solartech_Services_Foundation\\vendor\\laravel\\framework\\src\\Illuminate\\Routing\\Route.php(1080): Illuminate\\Routing\\Route->getController()
#7 C:\\laragon\\www\\Solartech_Services_Foundation\\vendor\\laravel\\framework\\src\\Illuminate\\Routing\\Route.php(1023): Illuminate\\Routing\\Route->controllerMiddleware()
#8 C:\\laragon\\www\\Solartech_Services_Foundation\\vendor\\laravel\\framework\\src\\Illuminate\\Routing\\Router.php(734): Illuminate\\Routing\\Route->gatherMiddleware()
#9 C:\\laragon\\www\\Solartech_Services_Foundation\\vendor\\laravel\\framework\\src\\Illuminate\\Foundation\\Console\\RouteListCommand.php(175): Illuminate\\Routing\\Router->gatherRouteMiddleware(Object(Illuminate\\Routing\\Route))
#10 C:\\laragon\\www\\Solartech_Services_Foundation\\vendor\\laravel\\framework\\src\\Illuminate\\Foundation\\Console\\RouteListCommand.php(119): Illuminate\\Foundation\\Console\\RouteListCommand->getMiddleware(Object(Illuminate\\Routing\\Route))
#11 C:\\laragon\\www\\Solartech_Services_Foundation\\vendor\\laravel\\framework\\src\\Illuminate\\Foundation\\Console\\RouteListCommand.php(91): Illuminate\\Foundation\\Console\\RouteListCommand->getRouteInformation(Object(Illuminate\\Routing\\Route))
#12 [internal function]: Illuminate\\Foundation\\Console\\RouteListCommand->Illuminate\\Foundation\\Console\\{closure}(Object(Illuminate\\Routing\\Route), 206)
#13 C:\\laragon\\www\\Solartech_Services_Foundation\\vendor\\laravel\\framework\\src\\Illuminate\\Collections\\Collection.php(695): array_map(Object(Closure), Array, Array)
#14 C:\\laragon\\www\\Solartech_Services_Foundation\\vendor\\laravel\\framework\\src\\Illuminate\\Foundation\\Console\\RouteListCommand.php(90): Illuminate\\Support\\Collection->map(Object(Closure))
#15 C:\\laragon\\www\\Solartech_Services_Foundation\\vendor\\laravel\\framework\\src\\Illuminate\\Foundation\\Console\\RouteListCommand.php(76): Illuminate\\Foundation\\Console\\RouteListCommand->getRoutes()
#16 C:\\laragon\\www\\Solartech_Services_Foundation\\vendor\\laravel\\framework\\src\\Illuminate\\Container\\BoundMethod.php(36): Illuminate\\Foundation\\Console\\RouteListCommand->handle()
#17 C:\\laragon\\www\\Solartech_Services_Foundation\\vendor\\laravel\\framework\\src\\Illuminate\\Container\\Util.php(40): Illuminate\\Container\\BoundMethod::Illuminate\\Container\\{closure}()
#18 C:\\laragon\\www\\Solartech_Services_Foundation\\vendor\\laravel\\framework\\src\\Illuminate\\Container\\BoundMethod.php(93): Illuminate\\Container\\Util::unwrapIfClosure(Object(Closure))
#19 C:\\laragon\\www\\Solartech_Services_Foundation\\vendor\\laravel\\framework\\src\\Illuminate\\Container\\BoundMethod.php(35): Illuminate\\Container\\BoundMethod::callBoundMethod(Object(Illuminate\\Foundation\\Application), Array, Object(Closure))
#20 C:\\laragon\\www\\Solartech_Services_Foundation\\vendor\\laravel\\framework\\src\\Illuminate\\Container\\Container.php(653): Illuminate\\Container\\BoundMethod::call(Object(Illuminate\\Foundation\\Application), Array, Array, NULL)
#21 C:\\laragon\\www\\Solartech_Services_Foundation\\vendor\\laravel\\framework\\src\\Illuminate\\Console\\Command.php(136): Illuminate\\Container\\Container->call(Array)
#22 C:\\laragon\\www\\Solartech_Services_Foundation\\vendor\\symfony\\console\\Command\\Command.php(298): Illuminate\\Console\\Command->execute(Object(Symfony\\Component\\Console\\Input\\ArgvInput), Object(Illuminate\\Console\\OutputStyle))
#23 C:\\laragon\\www\\Solartech_Services_Foundation\\vendor\\laravel\\framework\\src\\Illuminate\\Console\\Command.php(120): Symfony\\Component\\Console\\Command\\Command->run(Object(Symfony\\Component\\Console\\Input\\ArgvInput), Object(Illuminate\\Console\\OutputStyle))
#24 C:\\laragon\\www\\Solartech_Services_Foundation\\vendor\\symfony\\console\\Application.php(1040): Illuminate\\Console\\Command->run(Object(Symfony\\Component\\Console\\Input\\ArgvInput), Object(Symfony\\Component\\Console\\Output\\ConsoleOutput))
#25 C:\\laragon\\www\\Solartech_Services_Foundation\\vendor\\symfony\\console\\Application.php(301): Symfony\\Component\\Console\\Application->doRunCommand(Object(Illuminate\\Foundation\\Console\\RouteListCommand), Object(Symfony\\Component\\Console\\Input\\ArgvInput), Object(Symfony\\Component\\Console\\Output\\ConsoleOutput))
#26 C:\\laragon\\www\\Solartech_Services_Foundation\\vendor\\symfony\\console\\Application.php(171): Symfony\\Component\\Console\\Application->doRun(Object(Symfony\\Component\\Console\\Input\\ArgvInput), Object(Symfony\\Component\\Console\\Output\\ConsoleOutput))
#27 C:\\laragon\\www\\Solartech_Services_Foundation\\vendor\\laravel\\framework\\src\\Illuminate\\Console\\Application.php(94): Symfony\\Component\\Console\\Application->run(Object(Symfony\\Component\\Console\\Input\\ArgvInput), Object(Symfony\\Component\\Console\\Output\\ConsoleOutput))
#28 C:\\laragon\\www\\Solartech_Services_Foundation\\vendor\\laravel\\framework\\src\\Illuminate\\Foundation\\Console\\Kernel.php(129): Illuminate\\Console\\Application->run(Object(Symfony\\Component\\Console\\Input\\ArgvInput), Object(Symfony\\Component\\Console\\Output\\ConsoleOutput))
#29 C:\\laragon\\www\\Solartech_Services_Foundation\\artisan(35): Illuminate\\Foundation\\Console\\Kernel->handle(Object(Symfony\\Component\\Console\\Input\\ArgvInput), Object(Symfony\\Component\\Console\\Output\\ConsoleOutput))
#30 {main}
"} 
[2025-11-26 05:38:01] local.ERROR: Uncaught Whoops\Exception\ErrorException: Using ${var} in strings is deprecated, use {$var} instead in C:\laragon\www\Solartech_Services_Foundation\vendor\facade\ignition\src\SolutionProviders\MergeConflictSolutionProvider.php:52
Stack trace:
#0 C:\laragon\www\Solartech_Services_Foundation\vendor\composer\ClassLoader.php(576): Whoops\Run->handleError(8192, 'Using ${var} in...', 'C:\\laragon\\www\\...', 52)
#1 C:\laragon\www\Solartech_Services_Foundation\vendor\composer\ClassLoader.php(576): include()
#2 C:\laragon\www\Solartech_Services_Foundation\vendor\composer\ClassLoader.php(427): Composer\Autoload\{closure}('C:\\laragon\\www\\...')
#3 [internal function]: Composer\Autoload\ClassLoader->loadClass('Facade\\Ignition...')
#4 C:\laragon\www\Solartech_Services_Foundation\vendor\facade\ignition\src\SolutionProviders\SolutionProviderRepository.php(50): class_implements('Facade\\Ignition...')
#5 [internal function]: Facade\Ignition\SolutionProviders\SolutionProviderRepository->Facade\Ignition\SolutionProviders\{closure}('Facade\\Ignition...', 10)
#6 C:\laragon\www\Solartech_Services_Foundation\vendor\laravel\framework\src\Illuminate\Collections\Arr.php(717): array_filter(Array, Object(Closure), 1)
#7 C:\laragon\www\Solartech_Services_Foundation\vendor\laravel\framework\src\Illuminate\Collections\Collection.php(358): Illuminate\Support\Arr::where(Array, Object(Closure))
#8 C:\laragon\www\Solartech_Services_Foundation\vendor\facade\ignition\src\SolutionProviders\SolutionProviderRepository.php(49): Illuminate\Support\Collection->filter(Object(Closure))
#9 C:\laragon\www\Solartech_Services_Foundation\vendor\nunomaduro\collision\src\Adapters\Laravel\IgnitionSolutionsRepository.php(36): Facade\Ignition\SolutionProviders\SolutionProviderRepository->getSolutionsForThrowable(Object(Whoops\Exception\ErrorException))
#10 C:\laragon\www\Solartech_Services_Foundation\vendor\nunomaduro\collision\src\Writer.php(244): NunoMaduro\Collision\Adapters\Laravel\IgnitionSolutionsRepository->getFromThrowable(Object(Whoops\Exception\ErrorException))
#11 C:\laragon\www\Solartech_Services_Foundation\vendor\nunomaduro\collision\src\Writer.php(123): NunoMaduro\Collision\Writer->renderSolution(Object(Whoops\Exception\Inspector))
#12 C:\laragon\www\Solartech_Services_Foundation\vendor\nunomaduro\collision\src\Handler.php(39): NunoMaduro\Collision\Writer->write(Object(Whoops\Exception\Inspector))
#13 C:\laragon\www\Solartech_Services_Foundation\vendor\filp\whoops\src\Whoops\Run.php(370): NunoMaduro\Collision\Handler->handle(Object(Whoops\Exception\ErrorException))
#14 [internal function]: Whoops\Run->handleException(Object(Whoops\Exception\ErrorException))
#15 {main}
  thrown {"exception":"[object] (Symfony\\Component\\ErrorHandler\\Error\\FatalError(code: 0): Uncaught Whoops\\Exception\\ErrorException: Using ${var} in strings is deprecated, use {$var} instead in C:\\laragon\\www\\Solartech_Services_Foundation\\vendor\\facade\\ignition\\src\\SolutionProviders\\MergeConflictSolutionProvider.php:52
Stack trace:
#0 C:\\laragon\\www\\Solartech_Services_Foundation\\vendor\\composer\\ClassLoader.php(576): Whoops\\Run->handleError(8192, 'Using ${var} in...', 'C:\\\\laragon\\\\www\\\\...', 52)
#1 C:\\laragon\\www\\Solartech_Services_Foundation\\vendor\\composer\\ClassLoader.php(576): include()
#2 C:\\laragon\\www\\Solartech_Services_Foundation\\vendor\\composer\\ClassLoader.php(427): Composer\\Autoload\\{closure}('C:\\\\laragon\\\\www\\\\...')
#3 [internal function]: Composer\\Autoload\\ClassLoader->loadClass('Facade\\\\Ignition...')
#4 C:\\laragon\\www\\Solartech_Services_Foundation\\vendor\\facade\\ignition\\src\\SolutionProviders\\SolutionProviderRepository.php(50): class_implements('Facade\\\\Ignition...')
#5 [internal function]: Facade\\Ignition\\SolutionProviders\\SolutionProviderRepository->Facade\\Ignition\\SolutionProviders\\{closure}('Facade\\\\Ignition...', 10)
#6 C:\\laragon\\www\\Solartech_Services_Foundation\\vendor\\laravel\\framework\\src\\Illuminate\\Collections\\Arr.php(717): array_filter(Array, Object(Closure), 1)
#7 C:\\laragon\\www\\Solartech_Services_Foundation\\vendor\\laravel\\framework\\src\\Illuminate\\Collections\\Collection.php(358): Illuminate\\Support\\Arr::where(Array, Object(Closure))
#8 C:\\laragon\\www\\Solartech_Services_Foundation\\vendor\\facade\\ignition\\src\\SolutionProviders\\SolutionProviderRepository.php(49): Illuminate\\Support\\Collection->filter(Object(Closure))
#9 C:\\laragon\\www\\Solartech_Services_Foundation\\vendor\\nunomaduro\\collision\\src\\Adapters\\Laravel\\IgnitionSolutionsRepository.php(36): Facade\\Ignition\\SolutionProviders\\SolutionProviderRepository->getSolutionsForThrowable(Object(Whoops\\Exception\\ErrorException))
#10 C:\\laragon\\www\\Solartech_Services_Foundation\\vendor\\nunomaduro\\collision\\src\\Writer.php(244): NunoMaduro\\Collision\\Adapters\\Laravel\\IgnitionSolutionsRepository->getFromThrowable(Object(Whoops\\Exception\\ErrorException))
#11 C:\\laragon\\www\\Solartech_Services_Foundation\\vendor\\nunomaduro\\collision\\src\\Writer.php(123): NunoMaduro\\Collision\\Writer->renderSolution(Object(Whoops\\Exception\\Inspector))
#12 C:\\laragon\\www\\Solartech_Services_Foundation\\vendor\\nunomaduro\\collision\\src\\Handler.php(39): NunoMaduro\\Collision\\Writer->write(Object(Whoops\\Exception\\Inspector))
#13 C:\\laragon\\www\\Solartech_Services_Foundation\\vendor\\filp\\whoops\\src\\Whoops\\Run.php(370): NunoMaduro\\Collision\\Handler->handle(Object(Whoops\\Exception\\ErrorException))
#14 [internal function]: Whoops\\Run->handleException(Object(Whoops\\Exception\\ErrorException))
#15 {main}
  thrown at C:\\laragon\\www\\Solartech_Services_Foundation\\vendor\\facade\\ignition\\src\\SolutionProviders\\MergeConflictSolutionProvider.php:52)
[stacktrace]
#0 {main}
"} 
[2025-11-26 05:38:50] local.ERROR: Target class [App\Http\Controllers\Backend\Content\AccountController] does not exist. {"exception":"[object] (Illuminate\\Contracts\\Container\\BindingResolutionException(code: 0): Target class [App\\Http\\Controllers\\Backend\\Content\\AccountController] does not exist. at C:\\laragon\\www\\Solartech_Services_Foundation\\vendor\\laravel\\framework\\src\\Illuminate\\Container\\Container.php:879)
[stacktrace]
#0 C:\\laragon\\www\\Solartech_Services_Foundation\\vendor\\laravel\\framework\\src\\Illuminate\\Container\\Container.php(758): Illuminate\\Container\\Container->build('App\\\\Http\\\\Contro...')
#1 C:\\laragon\\www\\Solartech_Services_Foundation\\vendor\\laravel\\framework\\src\\Illuminate\\Foundation\\Application.php(851): Illuminate\\Container\\Container->resolve('App\\\\Http\\\\Contro...', Array, true)
#2 C:\\laragon\\www\\Solartech_Services_Foundation\\vendor\\laravel\\framework\\src\\Illuminate\\Container\\Container.php(694): Illuminate\\Foundation\\Application->resolve('App\\\\Http\\\\Contro...', Array)
#3 C:\\laragon\\www\\Solartech_Services_Foundation\\vendor\\laravel\\framework\\src\\Illuminate\\Foundation\\Application.php(836): Illuminate\\Container\\Container->make('App\\\\Http\\\\Contro...', Array)
#4 C:\\laragon\\www\\Solartech_Services_Foundation\\vendor\\laravel\\framework\\src\\Illuminate\\Routing\\Route.php(276): Illuminate\\Foundation\\Application->make('App\\\\Http\\\\Contro...')
#5 C:\\laragon\\www\\Solartech_Services_Foundation\\vendor\\laravel\\framework\\src\\Illuminate\\Routing\\Route.php(1080): Illuminate\\Routing\\Route->getController()
#6 C:\\laragon\\www\\Solartech_Services_Foundation\\vendor\\laravel\\framework\\src\\Illuminate\\Routing\\Route.php(1023): Illuminate\\Routing\\Route->controllerMiddleware()
#7 C:\\laragon\\www\\Solartech_Services_Foundation\\vendor\\laravel\\framework\\src\\Illuminate\\Routing\\Router.php(734): Illuminate\\Routing\\Route->gatherMiddleware()
#8 C:\\laragon\\www\\Solartech_Services_Foundation\\vendor\\laravel\\framework\\src\\Illuminate\\Foundation\\Console\\RouteListCommand.php(175): Illuminate\\Routing\\Router->gatherRouteMiddleware(Object(Illuminate\\Routing\\Route))
#9 C:\\laragon\\www\\Solartech_Services_Foundation\\vendor\\laravel\\framework\\src\\Illuminate\\Foundation\\Console\\RouteListCommand.php(119): Illuminate\\Foundation\\Console\\RouteListCommand->getMiddleware(Object(Illuminate\\Routing\\Route))
#10 C:\\laragon\\www\\Solartech_Services_Foundation\\vendor\\laravel\\framework\\src\\Illuminate\\Foundation\\Console\\RouteListCommand.php(91): Illuminate\\Foundation\\Console\\RouteListCommand->getRouteInformation(Object(Illuminate\\Routing\\Route))
#11 [internal function]: Illuminate\\Foundation\\Console\\RouteListCommand->Illuminate\\Foundation\\Console\\{closure}(Object(Illuminate\\Routing\\Route), 206)
#12 C:\\laragon\\www\\Solartech_Services_Foundation\\vendor\\laravel\\framework\\src\\Illuminate\\Collections\\Collection.php(695): array_map(Object(Closure), Array, Array)
#13 C:\\laragon\\www\\Solartech_Services_Foundation\\vendor\\laravel\\framework\\src\\Illuminate\\Foundation\\Console\\RouteListCommand.php(90): Illuminate\\Support\\Collection->map(Object(Closure))
#14 C:\\laragon\\www\\Solartech_Services_Foundation\\vendor\\laravel\\framework\\src\\Illuminate\\Foundation\\Console\\RouteListCommand.php(76): Illuminate\\Foundation\\Console\\RouteListCommand->getRoutes()
#15 C:\\laragon\\www\\Solartech_Services_Foundation\\vendor\\laravel\\framework\\src\\Illuminate\\Container\\BoundMethod.php(36): Illuminate\\Foundation\\Console\\RouteListCommand->handle()
#16 C:\\laragon\\www\\Solartech_Services_Foundation\\vendor\\laravel\\framework\\src\\Illuminate\\Container\\Util.php(40): Illuminate\\Container\\BoundMethod::Illuminate\\Container\\{closure}()
#17 C:\\laragon\\www\\Solartech_Services_Foundation\\vendor\\laravel\\framework\\src\\Illuminate\\Container\\BoundMethod.php(93): Illuminate\\Container\\Util::unwrapIfClosure(Object(Closure))
#18 C:\\laragon\\www\\Solartech_Services_Foundation\\vendor\\laravel\\framework\\src\\Illuminate\\Container\\BoundMethod.php(35): Illuminate\\Container\\BoundMethod::callBoundMethod(Object(Illuminate\\Foundation\\Application), Array, Object(Closure))
#19 C:\\laragon\\www\\Solartech_Services_Foundation\\vendor\\laravel\\framework\\src\\Illuminate\\Container\\Container.php(653): Illuminate\\Container\\BoundMethod::call(Object(Illuminate\\Foundation\\Application), Array, Array, NULL)
#20 C:\\laragon\\www\\Solartech_Services_Foundation\\vendor\\laravel\\framework\\src\\Illuminate\\Console\\Command.php(136): Illuminate\\Container\\Container->call(Array)
#21 C:\\laragon\\www\\Solartech_Services_Foundation\\vendor\\symfony\\console\\Command\\Command.php(298): Illuminate\\Console\\Command->execute(Object(Symfony\\Component\\Console\\Input\\ArgvInput), Object(Illuminate\\Console\\OutputStyle))
#22 C:\\laragon\\www\\Solartech_Services_Foundation\\vendor\\laravel\\framework\\src\\Illuminate\\Console\\Command.php(120): Symfony\\Component\\Console\\Command\\Command->run(Object(Symfony\\Component\\Console\\Input\\ArgvInput), Object(Illuminate\\Console\\OutputStyle))
#23 C:\\laragon\\www\\Solartech_Services_Foundation\\vendor\\symfony\\console\\Application.php(1040): Illuminate\\Console\\Command->run(Object(Symfony\\Component\\Console\\Input\\ArgvInput), Object(Symfony\\Component\\Console\\Output\\ConsoleOutput))
#24 C:\\laragon\\www\\Solartech_Services_Foundation\\vendor\\symfony\\console\\Application.php(301): Symfony\\Component\\Console\\Application->doRunCommand(Object(Illuminate\\Foundation\\Console\\RouteListCommand), Object(Symfony\\Component\\Console\\Input\\ArgvInput), Object(Symfony\\Component\\Console\\Output\\ConsoleOutput))
#25 C:\\laragon\\www\\Solartech_Services_Foundation\\vendor\\symfony\\console\\Application.php(171): Symfony\\Component\\Console\\Application->doRun(Object(Symfony\\Component\\Console\\Input\\ArgvInput), Object(Symfony\\Component\\Console\\Output\\ConsoleOutput))
#26 C:\\laragon\\www\\Solartech_Services_Foundation\\vendor\\laravel\\framework\\src\\Illuminate\\Console\\Application.php(94): Symfony\\Component\\Console\\Application->run(Object(Symfony\\Component\\Console\\Input\\ArgvInput), Object(Symfony\\Component\\Console\\Output\\ConsoleOutput))
#27 C:\\laragon\\www\\Solartech_Services_Foundation\\vendor\\laravel\\framework\\src\\Illuminate\\Foundation\\Console\\Kernel.php(129): Illuminate\\Console\\Application->run(Object(Symfony\\Component\\Console\\Input\\ArgvInput), Object(Symfony\\Component\\Console\\Output\\ConsoleOutput))
#28 C:\\laragon\\www\\Solartech_Services_Foundation\\artisan(35): Illuminate\\Foundation\\Console\\Kernel->handle(Object(Symfony\\Component\\Console\\Input\\ArgvInput), Object(Symfony\\Component\\Console\\Output\\ConsoleOutput))
#29 {main}

[previous exception] [object] (ReflectionException(code: -1): Class \"App\\Http\\Controllers\\Backend\\Content\\AccountController\" does not exist at C:\\laragon\\www\\Solartech_Services_Foundation\\vendor\\laravel\\framework\\src\\Illuminate\\Container\\Container.php:877)
[stacktrace]
#0 C:\\laragon\\www\\Solartech_Services_Foundation\\vendor\\laravel\\framework\\src\\Illuminate\\Container\\Container.php(877): ReflectionClass->__construct('App\\\\Http\\\\Contro...')
#1 C:\\laragon\\www\\Solartech_Services_Foundation\\vendor\\laravel\\framework\\src\\Illuminate\\Container\\Container.php(758): Illuminate\\Container\\Container->build('App\\\\Http\\\\Contro...')
#2 C:\\laragon\\www\\Solartech_Services_Foundation\\vendor\\laravel\\framework\\src\\Illuminate\\Foundation\\Application.php(851): Illuminate\\Container\\Container->resolve('App\\\\Http\\\\Contro...', Array, true)
#3 C:\\laragon\\www\\Solartech_Services_Foundation\\vendor\\laravel\\framework\\src\\Illuminate\\Container\\Container.php(694): Illuminate\\Foundation\\Application->resolve('App\\\\Http\\\\Contro...', Array)
#4 C:\\laragon\\www\\Solartech_Services_Foundation\\vendor\\laravel\\framework\\src\\Illuminate\\Foundation\\Application.php(836): Illuminate\\Container\\Container->make('App\\\\Http\\\\Contro...', Array)
#5 C:\\laragon\\www\\Solartech_Services_Foundation\\vendor\\laravel\\framework\\src\\Illuminate\\Routing\\Route.php(276): Illuminate\\Foundation\\Application->make('App\\\\Http\\\\Contro...')
#6 C:\\laragon\\www\\Solartech_Services_Foundation\\vendor\\laravel\\framework\\src\\Illuminate\\Routing\\Route.php(1080): Illuminate\\Routing\\Route->getController()
#7 C:\\laragon\\www\\Solartech_Services_Foundation\\vendor\\laravel\\framework\\src\\Illuminate\\Routing\\Route.php(1023): Illuminate\\Routing\\Route->controllerMiddleware()
#8 C:\\laragon\\www\\Solartech_Services_Foundation\\vendor\\laravel\\framework\\src\\Illuminate\\Routing\\Router.php(734): Illuminate\\Routing\\Route->gatherMiddleware()
#9 C:\\laragon\\www\\Solartech_Services_Foundation\\vendor\\laravel\\framework\\src\\Illuminate\\Foundation\\Console\\RouteListCommand.php(175): Illuminate\\Routing\\Router->gatherRouteMiddleware(Object(Illuminate\\Routing\\Route))
#10 C:\\laragon\\www\\Solartech_Services_Foundation\\vendor\\laravel\\framework\\src\\Illuminate\\Foundation\\Console\\RouteListCommand.php(119): Illuminate\\Foundation\\Console\\RouteListCommand->getMiddleware(Object(Illuminate\\Routing\\Route))
#11 C:\\laragon\\www\\Solartech_Services_Foundation\\vendor\\laravel\\framework\\src\\Illuminate\\Foundation\\Console\\RouteListCommand.php(91): Illuminate\\Foundation\\Console\\RouteListCommand->getRouteInformation(Object(Illuminate\\Routing\\Route))
#12 [internal function]: Illuminate\\Foundation\\Console\\RouteListCommand->Illuminate\\Foundation\\Console\\{closure}(Object(Illuminate\\Routing\\Route), 206)
#13 C:\\laragon\\www\\Solartech_Services_Foundation\\vendor\\laravel\\framework\\src\\Illuminate\\Collections\\Collection.php(695): array_map(Object(Closure), Array, Array)
#14 C:\\laragon\\www\\Solartech_Services_Foundation\\vendor\\laravel\\framework\\src\\Illuminate\\Foundation\\Console\\RouteListCommand.php(90): Illuminate\\Support\\Collection->map(Object(Closure))
#15 C:\\laragon\\www\\Solartech_Services_Foundation\\vendor\\laravel\\framework\\src\\Illuminate\\Foundation\\Console\\RouteListCommand.php(76): Illuminate\\Foundation\\Console\\RouteListCommand->getRoutes()
#16 C:\\laragon\\www\\Solartech_Services_Foundation\\vendor\\laravel\\framework\\src\\Illuminate\\Container\\BoundMethod.php(36): Illuminate\\Foundation\\Console\\RouteListCommand->handle()
#17 C:\\laragon\\www\\Solartech_Services_Foundation\\vendor\\laravel\\framework\\src\\Illuminate\\Container\\Util.php(40): Illuminate\\Container\\BoundMethod::Illuminate\\Container\\{closure}()
#18 C:\\laragon\\www\\Solartech_Services_Foundation\\vendor\\laravel\\framework\\src\\Illuminate\\Container\\BoundMethod.php(93): Illuminate\\Container\\Util::unwrapIfClosure(Object(Closure))
#19 C:\\laragon\\www\\Solartech_Services_Foundation\\vendor\\laravel\\framework\\src\\Illuminate\\Container\\BoundMethod.php(35): Illuminate\\Container\\BoundMethod::callBoundMethod(Object(Illuminate\\Foundation\\Application), Array, Object(Closure))
#20 C:\\laragon\\www\\Solartech_Services_Foundation\\vendor\\laravel\\framework\\src\\Illuminate\\Container\\Container.php(653): Illuminate\\Container\\BoundMethod::call(Object(Illuminate\\Foundation\\Application), Array, Array, NULL)
#21 C:\\laragon\\www\\Solartech_Services_Foundation\\vendor\\laravel\\framework\\src\\Illuminate\\Console\\Command.php(136): Illuminate\\Container\\Container->call(Array)
#22 C:\\laragon\\www\\Solartech_Services_Foundation\\vendor\\symfony\\console\\Command\\Command.php(298): Illuminate\\Console\\Command->execute(Object(Symfony\\Component\\Console\\Input\\ArgvInput), Object(Illuminate\\Console\\OutputStyle))
#23 C:\\laragon\\www\\Solartech_Services_Foundation\\vendor\\laravel\\framework\\src\\Illuminate\\Console\\Command.php(120): Symfony\\Component\\Console\\Command\\Command->run(Object(Symfony\\Component\\Console\\Input\\ArgvInput), Object(Illuminate\\Console\\OutputStyle))
#24 C:\\laragon\\www\\Solartech_Services_Foundation\\vendor\\symfony\\console\\Application.php(1040): Illuminate\\Console\\Command->run(Object(Symfony\\Component\\Console\\Input\\ArgvInput), Object(Symfony\\Component\\Console\\Output\\ConsoleOutput))
#25 C:\\laragon\\www\\Solartech_Services_Foundation\\vendor\\symfony\\console\\Application.php(301): Symfony\\Component\\Console\\Application->doRunCommand(Object(Illuminate\\Foundation\\Console\\RouteListCommand), Object(Symfony\\Component\\Console\\Input\\ArgvInput), Object(Symfony\\Component\\Console\\Output\\ConsoleOutput))
#26 C:\\laragon\\www\\Solartech_Services_Foundation\\vendor\\symfony\\console\\Application.php(171): Symfony\\Component\\Console\\Application->doRun(Object(Symfony\\Component\\Console\\Input\\ArgvInput), Object(Symfony\\Component\\Console\\Output\\ConsoleOutput))
#27 C:\\laragon\\www\\Solartech_Services_Foundation\\vendor\\laravel\\framework\\src\\Illuminate\\Console\\Application.php(94): Symfony\\Component\\Console\\Application->run(Object(Symfony\\Component\\Console\\Input\\ArgvInput), Object(Symfony\\Component\\Console\\Output\\ConsoleOutput))
#28 C:\\laragon\\www\\Solartech_Services_Foundation\\vendor\\laravel\\framework\\src\\Illuminate\\Foundation\\Console\\Kernel.php(129): Illuminate\\Console\\Application->run(Object(Symfony\\Component\\Console\\Input\\ArgvInput), Object(Symfony\\Component\\Console\\Output\\ConsoleOutput))
#29 C:\\laragon\\www\\Solartech_Services_Foundation\\artisan(35): Illuminate\\Foundation\\Console\\Kernel->handle(Object(Symfony\\Component\\Console\\Input\\ArgvInput), Object(Symfony\\Component\\Console\\Output\\ConsoleOutput))
#30 {main}
"} 
[2025-11-26 05:38:50] local.ERROR: Uncaught Whoops\Exception\ErrorException: Using ${var} in strings is deprecated, use {$var} instead in C:\laragon\www\Solartech_Services_Foundation\vendor\facade\ignition\src\SolutionProviders\MergeConflictSolutionProvider.php:52
Stack trace:
#0 C:\laragon\www\Solartech_Services_Foundation\vendor\composer\ClassLoader.php(576): Whoops\Run->handleError(8192, 'Using ${var} in...', 'C:\\laragon\\www\\...', 52)
#1 C:\laragon\www\Solartech_Services_Foundation\vendor\composer\ClassLoader.php(576): include()
#2 C:\laragon\www\Solartech_Services_Foundation\vendor\composer\ClassLoader.php(427): Composer\Autoload\{closure}('C:\\laragon\\www\\...')
#3 [internal function]: Composer\Autoload\ClassLoader->loadClass('Facade\\Ignition...')
#4 C:\laragon\www\Solartech_Services_Foundation\vendor\facade\ignition\src\SolutionProviders\SolutionProviderRepository.php(50): class_implements('Facade\\Ignition...')
#5 [internal function]: Facade\Ignition\SolutionProviders\SolutionProviderRepository->Facade\Ignition\SolutionProviders\{closure}('Facade\\Ignition...', 10)
#6 C:\laragon\www\Solartech_Services_Foundation\vendor\laravel\framework\src\Illuminate\Collections\Arr.php(717): array_filter(Array, Object(Closure), 1)
#7 C:\laragon\www\Solartech_Services_Foundation\vendor\laravel\framework\src\Illuminate\Collections\Collection.php(358): Illuminate\Support\Arr::where(Array, Object(Closure))
#8 C:\laragon\www\Solartech_Services_Foundation\vendor\facade\ignition\src\SolutionProviders\SolutionProviderRepository.php(49): Illuminate\Support\Collection->filter(Object(Closure))
#9 C:\laragon\www\Solartech_Services_Foundation\vendor\nunomaduro\collision\src\Adapters\Laravel\IgnitionSolutionsRepository.php(36): Facade\Ignition\SolutionProviders\SolutionProviderRepository->getSolutionsForThrowable(Object(Whoops\Exception\ErrorException))
#10 C:\laragon\www\Solartech_Services_Foundation\vendor\nunomaduro\collision\src\Writer.php(244): NunoMaduro\Collision\Adapters\Laravel\IgnitionSolutionsRepository->getFromThrowable(Object(Whoops\Exception\ErrorException))
#11 C:\laragon\www\Solartech_Services_Foundation\vendor\nunomaduro\collision\src\Writer.php(123): NunoMaduro\Collision\Writer->renderSolution(Object(Whoops\Exception\Inspector))
#12 C:\laragon\www\Solartech_Services_Foundation\vendor\nunomaduro\collision\src\Handler.php(39): NunoMaduro\Collision\Writer->write(Object(Whoops\Exception\Inspector))
#13 C:\laragon\www\Solartech_Services_Foundation\vendor\filp\whoops\src\Whoops\Run.php(370): NunoMaduro\Collision\Handler->handle(Object(Whoops\Exception\ErrorException))
#14 [internal function]: Whoops\Run->handleException(Object(Whoops\Exception\ErrorException))
#15 {main}
  thrown {"exception":"[object] (Symfony\\Component\\ErrorHandler\\Error\\FatalError(code: 0): Uncaught Whoops\\Exception\\ErrorException: Using ${var} in strings is deprecated, use {$var} instead in C:\\laragon\\www\\Solartech_Services_Foundation\\vendor\\facade\\ignition\\src\\SolutionProviders\\MergeConflictSolutionProvider.php:52
Stack trace:
#0 C:\\laragon\\www\\Solartech_Services_Foundation\\vendor\\composer\\ClassLoader.php(576): Whoops\\Run->handleError(8192, 'Using ${var} in...', 'C:\\\\laragon\\\\www\\\\...', 52)
#1 C:\\laragon\\www\\Solartech_Services_Foundation\\vendor\\composer\\ClassLoader.php(576): include()
#2 C:\\laragon\\www\\Solartech_Services_Foundation\\vendor\\composer\\ClassLoader.php(427): Composer\\Autoload\\{closure}('C:\\\\laragon\\\\www\\\\...')
#3 [internal function]: Composer\\Autoload\\ClassLoader->loadClass('Facade\\\\Ignition...')
#4 C:\\laragon\\www\\Solartech_Services_Foundation\\vendor\\facade\\ignition\\src\\SolutionProviders\\SolutionProviderRepository.php(50): class_implements('Facade\\\\Ignition...')
#5 [internal function]: Facade\\Ignition\\SolutionProviders\\SolutionProviderRepository->Facade\\Ignition\\SolutionProviders\\{closure}('Facade\\\\Ignition...', 10)
#6 C:\\laragon\\www\\Solartech_Services_Foundation\\vendor\\laravel\\framework\\src\\Illuminate\\Collections\\Arr.php(717): array_filter(Array, Object(Closure), 1)
#7 C:\\laragon\\www\\Solartech_Services_Foundation\\vendor\\laravel\\framework\\src\\Illuminate\\Collections\\Collection.php(358): Illuminate\\Support\\Arr::where(Array, Object(Closure))
#8 C:\\laragon\\www\\Solartech_Services_Foundation\\vendor\\facade\\ignition\\src\\SolutionProviders\\SolutionProviderRepository.php(49): Illuminate\\Support\\Collection->filter(Object(Closure))
#9 C:\\laragon\\www\\Solartech_Services_Foundation\\vendor\\nunomaduro\\collision\\src\\Adapters\\Laravel\\IgnitionSolutionsRepository.php(36): Facade\\Ignition\\SolutionProviders\\SolutionProviderRepository->getSolutionsForThrowable(Object(Whoops\\Exception\\ErrorException))
#10 C:\\laragon\\www\\Solartech_Services_Foundation\\vendor\\nunomaduro\\collision\\src\\Writer.php(244): NunoMaduro\\Collision\\Adapters\\Laravel\\IgnitionSolutionsRepository->getFromThrowable(Object(Whoops\\Exception\\ErrorException))
#11 C:\\laragon\\www\\Solartech_Services_Foundation\\vendor\\nunomaduro\\collision\\src\\Writer.php(123): NunoMaduro\\Collision\\Writer->renderSolution(Object(Whoops\\Exception\\Inspector))
#12 C:\\laragon\\www\\Solartech_Services_Foundation\\vendor\\nunomaduro\\collision\\src\\Handler.php(39): NunoMaduro\\Collision\\Writer->write(Object(Whoops\\Exception\\Inspector))
#13 C:\\laragon\\www\\Solartech_Services_Foundation\\vendor\\filp\\whoops\\src\\Whoops\\Run.php(370): NunoMaduro\\Collision\\Handler->handle(Object(Whoops\\Exception\\ErrorException))
#14 [internal function]: Whoops\\Run->handleException(Object(Whoops\\Exception\\ErrorException))
#15 {main}
  thrown at C:\\laragon\\www\\Solartech_Services_Foundation\\vendor\\facade\\ignition\\src\\SolutionProviders\\MergeConflictSolutionProvider.php:52)
[stacktrace]
#0 {main}
"} 
[2025-11-26 05:42:46] local.ERROR: Target class [App\Http\Controllers\Backend\Content\AccountController] does not exist. {"exception":"[object] (Illuminate\\Contracts\\Container\\BindingResolutionException(code: 0): Target class [App\\Http\\Controllers\\Backend\\Content\\AccountController] does not exist. at C:\\laragon\\www\\Solartech_Services_Foundation\\vendor\\laravel\\framework\\src\\Illuminate\\Container\\Container.php:879)
[stacktrace]
#0 C:\\laragon\\www\\Solartech_Services_Foundation\\vendor\\laravel\\framework\\src\\Illuminate\\Container\\Container.php(758): Illuminate\\Container\\Container->build('App\\\\Http\\\\Contro...')
#1 C:\\laragon\\www\\Solartech_Services_Foundation\\vendor\\laravel\\framework\\src\\Illuminate\\Foundation\\Application.php(851): Illuminate\\Container\\Container->resolve('App\\\\Http\\\\Contro...', Array, true)
#2 C:\\laragon\\www\\Solartech_Services_Foundation\\vendor\\laravel\\framework\\src\\Illuminate\\Container\\Container.php(694): Illuminate\\Foundation\\Application->resolve('App\\\\Http\\\\Contro...', Array)
#3 C:\\laragon\\www\\Solartech_Services_Foundation\\vendor\\laravel\\framework\\src\\Illuminate\\Foundation\\Application.php(836): Illuminate\\Container\\Container->make('App\\\\Http\\\\Contro...', Array)
#4 C:\\laragon\\www\\Solartech_Services_Foundation\\vendor\\laravel\\framework\\src\\Illuminate\\Routing\\Route.php(276): Illuminate\\Foundation\\Application->make('App\\\\Http\\\\Contro...')
#5 C:\\laragon\\www\\Solartech_Services_Foundation\\vendor\\laravel\\framework\\src\\Illuminate\\Routing\\Route.php(1080): Illuminate\\Routing\\Route->getController()
#6 C:\\laragon\\www\\Solartech_Services_Foundation\\vendor\\laravel\\framework\\src\\Illuminate\\Routing\\Route.php(1023): Illuminate\\Routing\\Route->controllerMiddleware()
#7 C:\\laragon\\www\\Solartech_Services_Foundation\\vendor\\laravel\\framework\\src\\Illuminate\\Routing\\Router.php(734): Illuminate\\Routing\\Route->gatherMiddleware()
#8 C:\\laragon\\www\\Solartech_Services_Foundation\\vendor\\laravel\\framework\\src\\Illuminate\\Foundation\\Console\\RouteListCommand.php(175): Illuminate\\Routing\\Router->gatherRouteMiddleware(Object(Illuminate\\Routing\\Route))
#9 C:\\laragon\\www\\Solartech_Services_Foundation\\vendor\\laravel\\framework\\src\\Illuminate\\Foundation\\Console\\RouteListCommand.php(119): Illuminate\\Foundation\\Console\\RouteListCommand->getMiddleware(Object(Illuminate\\Routing\\Route))
#10 C:\\laragon\\www\\Solartech_Services_Foundation\\vendor\\laravel\\framework\\src\\Illuminate\\Foundation\\Console\\RouteListCommand.php(91): Illuminate\\Foundation\\Console\\RouteListCommand->getRouteInformation(Object(Illuminate\\Routing\\Route))
#11 [internal function]: Illuminate\\Foundation\\Console\\RouteListCommand->Illuminate\\Foundation\\Console\\{closure}(Object(Illuminate\\Routing\\Route), 206)
#12 C:\\laragon\\www\\Solartech_Services_Foundation\\vendor\\laravel\\framework\\src\\Illuminate\\Collections\\Collection.php(695): array_map(Object(Closure), Array, Array)
#13 C:\\laragon\\www\\Solartech_Services_Foundation\\vendor\\laravel\\framework\\src\\Illuminate\\Foundation\\Console\\RouteListCommand.php(90): Illuminate\\Support\\Collection->map(Object(Closure))
#14 C:\\laragon\\www\\Solartech_Services_Foundation\\vendor\\laravel\\framework\\src\\Illuminate\\Foundation\\Console\\RouteListCommand.php(76): Illuminate\\Foundation\\Console\\RouteListCommand->getRoutes()
#15 C:\\laragon\\www\\Solartech_Services_Foundation\\vendor\\laravel\\framework\\src\\Illuminate\\Container\\BoundMethod.php(36): Illuminate\\Foundation\\Console\\RouteListCommand->handle()
#16 C:\\laragon\\www\\Solartech_Services_Foundation\\vendor\\laravel\\framework\\src\\Illuminate\\Container\\Util.php(40): Illuminate\\Container\\BoundMethod::Illuminate\\Container\\{closure}()
#17 C:\\laragon\\www\\Solartech_Services_Foundation\\vendor\\laravel\\framework\\src\\Illuminate\\Container\\BoundMethod.php(93): Illuminate\\Container\\Util::unwrapIfClosure(Object(Closure))
#18 C:\\laragon\\www\\Solartech_Services_Foundation\\vendor\\laravel\\framework\\src\\Illuminate\\Container\\BoundMethod.php(35): Illuminate\\Container\\BoundMethod::callBoundMethod(Object(Illuminate\\Foundation\\Application), Array, Object(Closure))
#19 C:\\laragon\\www\\Solartech_Services_Foundation\\vendor\\laravel\\framework\\src\\Illuminate\\Container\\Container.php(653): Illuminate\\Container\\BoundMethod::call(Object(Illuminate\\Foundation\\Application), Array, Array, NULL)
#20 C:\\laragon\\www\\Solartech_Services_Foundation\\vendor\\laravel\\framework\\src\\Illuminate\\Console\\Command.php(136): Illuminate\\Container\\Container->call(Array)
#21 C:\\laragon\\www\\Solartech_Services_Foundation\\vendor\\symfony\\console\\Command\\Command.php(298): Illuminate\\Console\\Command->execute(Object(Symfony\\Component\\Console\\Input\\ArgvInput), Object(Illuminate\\Console\\OutputStyle))
#22 C:\\laragon\\www\\Solartech_Services_Foundation\\vendor\\laravel\\framework\\src\\Illuminate\\Console\\Command.php(120): Symfony\\Component\\Console\\Command\\Command->run(Object(Symfony\\Component\\Console\\Input\\ArgvInput), Object(Illuminate\\Console\\OutputStyle))
#23 C:\\laragon\\www\\Solartech_Services_Foundation\\vendor\\symfony\\console\\Application.php(1040): Illuminate\\Console\\Command->run(Object(Symfony\\Component\\Console\\Input\\ArgvInput), Object(Symfony\\Component\\Console\\Output\\ConsoleOutput))
#24 C:\\laragon\\www\\Solartech_Services_Foundation\\vendor\\symfony\\console\\Application.php(301): Symfony\\Component\\Console\\Application->doRunCommand(Object(Illuminate\\Foundation\\Console\\RouteListCommand), Object(Symfony\\Component\\Console\\Input\\ArgvInput), Object(Symfony\\Component\\Console\\Output\\ConsoleOutput))
#25 C:\\laragon\\www\\Solartech_Services_Foundation\\vendor\\symfony\\console\\Application.php(171): Symfony\\Component\\Console\\Application->doRun(Object(Symfony\\Component\\Console\\Input\\ArgvInput), Object(Symfony\\Component\\Console\\Output\\ConsoleOutput))
#26 C:\\laragon\\www\\Solartech_Services_Foundation\\vendor\\laravel\\framework\\src\\Illuminate\\Console\\Application.php(94): Symfony\\Component\\Console\\Application->run(Object(Symfony\\Component\\Console\\Input\\ArgvInput), Object(Symfony\\Component\\Console\\Output\\ConsoleOutput))
#27 C:\\laragon\\www\\Solartech_Services_Foundation\\vendor\\laravel\\framework\\src\\Illuminate\\Foundation\\Console\\Kernel.php(129): Illuminate\\Console\\Application->run(Object(Symfony\\Component\\Console\\Input\\ArgvInput), Object(Symfony\\Component\\Console\\Output\\ConsoleOutput))
#28 C:\\laragon\\www\\Solartech_Services_Foundation\\artisan(35): Illuminate\\Foundation\\Console\\Kernel->handle(Object(Symfony\\Component\\Console\\Input\\ArgvInput), Object(Symfony\\Component\\Console\\Output\\ConsoleOutput))
#29 {main}

[previous exception] [object] (ReflectionException(code: -1): Class \"App\\Http\\Controllers\\Backend\\Content\\AccountController\" does not exist at C:\\laragon\\www\\Solartech_Services_Foundation\\vendor\\laravel\\framework\\src\\Illuminate\\Container\\Container.php:877)
[stacktrace]
#0 C:\\laragon\\www\\Solartech_Services_Foundation\\vendor\\laravel\\framework\\src\\Illuminate\\Container\\Container.php(877): ReflectionClass->__construct('App\\\\Http\\\\Contro...')
#1 C:\\laragon\\www\\Solartech_Services_Foundation\\vendor\\laravel\\framework\\src\\Illuminate\\Container\\Container.php(758): Illuminate\\Container\\Container->build('App\\\\Http\\\\Contro...')
#2 C:\\laragon\\www\\Solartech_Services_Foundation\\vendor\\laravel\\framework\\src\\Illuminate\\Foundation\\Application.php(851): Illuminate\\Container\\Container->resolve('App\\\\Http\\\\Contro...', Array, true)
#3 C:\\laragon\\www\\Solartech_Services_Foundation\\vendor\\laravel\\framework\\src\\Illuminate\\Container\\Container.php(694): Illuminate\\Foundation\\Application->resolve('App\\\\Http\\\\Contro...', Array)
#4 C:\\laragon\\www\\Solartech_Services_Foundation\\vendor\\laravel\\framework\\src\\Illuminate\\Foundation\\Application.php(836): Illuminate\\Container\\Container->make('App\\\\Http\\\\Contro...', Array)
#5 C:\\laragon\\www\\Solartech_Services_Foundation\\vendor\\laravel\\framework\\src\\Illuminate\\Routing\\Route.php(276): Illuminate\\Foundation\\Application->make('App\\\\Http\\\\Contro...')
#6 C:\\laragon\\www\\Solartech_Services_Foundation\\vendor\\laravel\\framework\\src\\Illuminate\\Routing\\Route.php(1080): Illuminate\\Routing\\Route->getController()
#7 C:\\laragon\\www\\Solartech_Services_Foundation\\vendor\\laravel\\framework\\src\\Illuminate\\Routing\\Route.php(1023): Illuminate\\Routing\\Route->controllerMiddleware()
#8 C:\\laragon\\www\\Solartech_Services_Foundation\\vendor\\laravel\\framework\\src\\Illuminate\\Routing\\Router.php(734): Illuminate\\Routing\\Route->gatherMiddleware()
#9 C:\\laragon\\www\\Solartech_Services_Foundation\\vendor\\laravel\\framework\\src\\Illuminate\\Foundation\\Console\\RouteListCommand.php(175): Illuminate\\Routing\\Router->gatherRouteMiddleware(Object(Illuminate\\Routing\\Route))
#10 C:\\laragon\\www\\Solartech_Services_Foundation\\vendor\\laravel\\framework\\src\\Illuminate\\Foundation\\Console\\RouteListCommand.php(119): Illuminate\\Foundation\\Console\\RouteListCommand->getMiddleware(Object(Illuminate\\Routing\\Route))
#11 C:\\laragon\\www\\Solartech_Services_Foundation\\vendor\\laravel\\framework\\src\\Illuminate\\Foundation\\Console\\RouteListCommand.php(91): Illuminate\\Foundation\\Console\\RouteListCommand->getRouteInformation(Object(Illuminate\\Routing\\Route))
#12 [internal function]: Illuminate\\Foundation\\Console\\RouteListCommand->Illuminate\\Foundation\\Console\\{closure}(Object(Illuminate\\Routing\\Route), 206)
#13 C:\\laragon\\www\\Solartech_Services_Foundation\\vendor\\laravel\\framework\\src\\Illuminate\\Collections\\Collection.php(695): array_map(Object(Closure), Array, Array)
#14 C:\\laragon\\www\\Solartech_Services_Foundation\\vendor\\laravel\\framework\\src\\Illuminate\\Foundation\\Console\\RouteListCommand.php(90): Illuminate\\Support\\Collection->map(Object(Closure))
#15 C:\\laragon\\www\\Solartech_Services_Foundation\\vendor\\laravel\\framework\\src\\Illuminate\\Foundation\\Console\\RouteListCommand.php(76): Illuminate\\Foundation\\Console\\RouteListCommand->getRoutes()
#16 C:\\laragon\\www\\Solartech_Services_Foundation\\vendor\\laravel\\framework\\src\\Illuminate\\Container\\BoundMethod.php(36): Illuminate\\Foundation\\Console\\RouteListCommand->handle()
#17 C:\\laragon\\www\\Solartech_Services_Foundation\\vendor\\laravel\\framework\\src\\Illuminate\\Container\\Util.php(40): Illuminate\\Container\\BoundMethod::Illuminate\\Container\\{closure}()
#18 C:\\laragon\\www\\Solartech_Services_Foundation\\vendor\\laravel\\framework\\src\\Illuminate\\Container\\BoundMethod.php(93): Illuminate\\Container\\Util::unwrapIfClosure(Object(Closure))
#19 C:\\laragon\\www\\Solartech_Services_Foundation\\vendor\\laravel\\framework\\src\\Illuminate\\Container\\BoundMethod.php(35): Illuminate\\Container\\BoundMethod::callBoundMethod(Object(Illuminate\\Foundation\\Application), Array, Object(Closure))
#20 C:\\laragon\\www\\Solartech_Services_Foundation\\vendor\\laravel\\framework\\src\\Illuminate\\Container\\Container.php(653): Illuminate\\Container\\BoundMethod::call(Object(Illuminate\\Foundation\\Application), Array, Array, NULL)
#21 C:\\laragon\\www\\Solartech_Services_Foundation\\vendor\\laravel\\framework\\src\\Illuminate\\Console\\Command.php(136): Illuminate\\Container\\Container->call(Array)
#22 C:\\laragon\\www\\Solartech_Services_Foundation\\vendor\\symfony\\console\\Command\\Command.php(298): Illuminate\\Console\\Command->execute(Object(Symfony\\Component\\Console\\Input\\ArgvInput), Object(Illuminate\\Console\\OutputStyle))
#23 C:\\laragon\\www\\Solartech_Services_Foundation\\vendor\\laravel\\framework\\src\\Illuminate\\Console\\Command.php(120): Symfony\\Component\\Console\\Command\\Command->run(Object(Symfony\\Component\\Console\\Input\\ArgvInput), Object(Illuminate\\Console\\OutputStyle))
#24 C:\\laragon\\www\\Solartech_Services_Foundation\\vendor\\symfony\\console\\Application.php(1040): Illuminate\\Console\\Command->run(Object(Symfony\\Component\\Console\\Input\\ArgvInput), Object(Symfony\\Component\\Console\\Output\\ConsoleOutput))
#25 C:\\laragon\\www\\Solartech_Services_Foundation\\vendor\\symfony\\console\\Application.php(301): Symfony\\Component\\Console\\Application->doRunCommand(Object(Illuminate\\Foundation\\Console\\RouteListCommand), Object(Symfony\\Component\\Console\\Input\\ArgvInput), Object(Symfony\\Component\\Console\\Output\\ConsoleOutput))
#26 C:\\laragon\\www\\Solartech_Services_Foundation\\vendor\\symfony\\console\\Application.php(171): Symfony\\Component\\Console\\Application->doRun(Object(Symfony\\Component\\Console\\Input\\ArgvInput), Object(Symfony\\Component\\Console\\Output\\ConsoleOutput))
#27 C:\\laragon\\www\\Solartech_Services_Foundation\\vendor\\laravel\\framework\\src\\Illuminate\\Console\\Application.php(94): Symfony\\Component\\Console\\Application->run(Object(Symfony\\Component\\Console\\Input\\ArgvInput), Object(Symfony\\Component\\Console\\Output\\ConsoleOutput))
#28 C:\\laragon\\www\\Solartech_Services_Foundation\\vendor\\laravel\\framework\\src\\Illuminate\\Foundation\\Console\\Kernel.php(129): Illuminate\\Console\\Application->run(Object(Symfony\\Component\\Console\\Input\\ArgvInput), Object(Symfony\\Component\\Console\\Output\\ConsoleOutput))
#29 C:\\laragon\\www\\Solartech_Services_Foundation\\artisan(35): Illuminate\\Foundation\\Console\\Kernel->handle(Object(Symfony\\Component\\Console\\Input\\ArgvInput), Object(Symfony\\Component\\Console\\Output\\ConsoleOutput))
#30 {main}
"} 
[2025-11-26 05:42:46] local.ERROR: Uncaught Whoops\Exception\ErrorException: Using ${var} in strings is deprecated, use {$var} instead in C:\laragon\www\Solartech_Services_Foundation\vendor\facade\ignition\src\SolutionProviders\MergeConflictSolutionProvider.php:52
Stack trace:
#0 C:\laragon\www\Solartech_Services_Foundation\vendor\composer\ClassLoader.php(576): Whoops\Run->handleError(8192, 'Using ${var} in...', 'C:\\laragon\\www\\...', 52)
#1 C:\laragon\www\Solartech_Services_Foundation\vendor\composer\ClassLoader.php(576): include()
#2 C:\laragon\www\Solartech_Services_Foundation\vendor\composer\ClassLoader.php(427): Composer\Autoload\{closure}('C:\\laragon\\www\\...')
#3 [internal function]: Composer\Autoload\ClassLoader->loadClass('Facade\\Ignition...')
#4 C:\laragon\www\Solartech_Services_Foundation\vendor\facade\ignition\src\SolutionProviders\SolutionProviderRepository.php(50): class_implements('Facade\\Ignition...')
#5 [internal function]: Facade\Ignition\SolutionProviders\SolutionProviderRepository->Facade\Ignition\SolutionProviders\{closure}('Facade\\Ignition...', 10)
#6 C:\laragon\www\Solartech_Services_Foundation\vendor\laravel\framework\src\Illuminate\Collections\Arr.php(717): array_filter(Array, Object(Closure), 1)
#7 C:\laragon\www\Solartech_Services_Foundation\vendor\laravel\framework\src\Illuminate\Collections\Collection.php(358): Illuminate\Support\Arr::where(Array, Object(Closure))
#8 C:\laragon\www\Solartech_Services_Foundation\vendor\facade\ignition\src\SolutionProviders\SolutionProviderRepository.php(49): Illuminate\Support\Collection->filter(Object(Closure))
#9 C:\laragon\www\Solartech_Services_Foundation\vendor\nunomaduro\collision\src\Adapters\Laravel\IgnitionSolutionsRepository.php(36): Facade\Ignition\SolutionProviders\SolutionProviderRepository->getSolutionsForThrowable(Object(Whoops\Exception\ErrorException))
#10 C:\laragon\www\Solartech_Services_Foundation\vendor\nunomaduro\collision\src\Writer.php(244): NunoMaduro\Collision\Adapters\Laravel\IgnitionSolutionsRepository->getFromThrowable(Object(Whoops\Exception\ErrorException))
#11 C:\laragon\www\Solartech_Services_Foundation\vendor\nunomaduro\collision\src\Writer.php(123): NunoMaduro\Collision\Writer->renderSolution(Object(Whoops\Exception\Inspector))
#12 C:\laragon\www\Solartech_Services_Foundation\vendor\nunomaduro\collision\src\Handler.php(39): NunoMaduro\Collision\Writer->write(Object(Whoops\Exception\Inspector))
#13 C:\laragon\www\Solartech_Services_Foundation\vendor\filp\whoops\src\Whoops\Run.php(370): NunoMaduro\Collision\Handler->handle(Object(Whoops\Exception\ErrorException))
#14 [internal function]: Whoops\Run->handleException(Object(Whoops\Exception\ErrorException))
#15 {main}
  thrown {"exception":"[object] (Symfony\\Component\\ErrorHandler\\Error\\FatalError(code: 0): Uncaught Whoops\\Exception\\ErrorException: Using ${var} in strings is deprecated, use {$var} instead in C:\\laragon\\www\\Solartech_Services_Foundation\\vendor\\facade\\ignition\\src\\SolutionProviders\\MergeConflictSolutionProvider.php:52
Stack trace:
#0 C:\\laragon\\www\\Solartech_Services_Foundation\\vendor\\composer\\ClassLoader.php(576): Whoops\\Run->handleError(8192, 'Using ${var} in...', 'C:\\\\laragon\\\\www\\\\...', 52)
#1 C:\\laragon\\www\\Solartech_Services_Foundation\\vendor\\composer\\ClassLoader.php(576): include()
#2 C:\\laragon\\www\\Solartech_Services_Foundation\\vendor\\composer\\ClassLoader.php(427): Composer\\Autoload\\{closure}('C:\\\\laragon\\\\www\\\\...')
#3 [internal function]: Composer\\Autoload\\ClassLoader->loadClass('Facade\\\\Ignition...')
#4 C:\\laragon\\www\\Solartech_Services_Foundation\\vendor\\facade\\ignition\\src\\SolutionProviders\\SolutionProviderRepository.php(50): class_implements('Facade\\\\Ignition...')
#5 [internal function]: Facade\\Ignition\\SolutionProviders\\SolutionProviderRepository->Facade\\Ignition\\SolutionProviders\\{closure}('Facade\\\\Ignition...', 10)
#6 C:\\laragon\\www\\Solartech_Services_Foundation\\vendor\\laravel\\framework\\src\\Illuminate\\Collections\\Arr.php(717): array_filter(Array, Object(Closure), 1)
#7 C:\\laragon\\www\\Solartech_Services_Foundation\\vendor\\laravel\\framework\\src\\Illuminate\\Collections\\Collection.php(358): Illuminate\\Support\\Arr::where(Array, Object(Closure))
#8 C:\\laragon\\www\\Solartech_Services_Foundation\\vendor\\facade\\ignition\\src\\SolutionProviders\\SolutionProviderRepository.php(49): Illuminate\\Support\\Collection->filter(Object(Closure))
#9 C:\\laragon\\www\\Solartech_Services_Foundation\\vendor\\nunomaduro\\collision\\src\\Adapters\\Laravel\\IgnitionSolutionsRepository.php(36): Facade\\Ignition\\SolutionProviders\\SolutionProviderRepository->getSolutionsForThrowable(Object(Whoops\\Exception\\ErrorException))
#10 C:\\laragon\\www\\Solartech_Services_Foundation\\vendor\\nunomaduro\\collision\\src\\Writer.php(244): NunoMaduro\\Collision\\Adapters\\Laravel\\IgnitionSolutionsRepository->getFromThrowable(Object(Whoops\\Exception\\ErrorException))
#11 C:\\laragon\\www\\Solartech_Services_Foundation\\vendor\\nunomaduro\\collision\\src\\Writer.php(123): NunoMaduro\\Collision\\Writer->renderSolution(Object(Whoops\\Exception\\Inspector))
#12 C:\\laragon\\www\\Solartech_Services_Foundation\\vendor\\nunomaduro\\collision\\src\\Handler.php(39): NunoMaduro\\Collision\\Writer->write(Object(Whoops\\Exception\\Inspector))
#13 C:\\laragon\\www\\Solartech_Services_Foundation\\vendor\\filp\\whoops\\src\\Whoops\\Run.php(370): NunoMaduro\\Collision\\Handler->handle(Object(Whoops\\Exception\\ErrorException))
#14 [internal function]: Whoops\\Run->handleException(Object(Whoops\\Exception\\ErrorException))
#15 {main}
  thrown at C:\\laragon\\www\\Solartech_Services_Foundation\\vendor\\facade\\ignition\\src\\SolutionProviders\\MergeConflictSolutionProvider.php:52)
[stacktrace]
#0 {main}
"} 
[2025-11-26 13:00:41] local.ERROR: Target class [App\Http\Controllers\Backend\Content\AccountController] does not exist. {"exception":"[object] (Illuminate\\Contracts\\Container\\BindingResolutionException(code: 0): Target class [App\\Http\\Controllers\\Backend\\Content\\AccountController] does not exist. at C:\\laragon\\www\\Solartech_Services_Foundation\\vendor\\laravel\\framework\\src\\Illuminate\\Container\\Container.php:879)
[stacktrace]
#0 C:\\laragon\\www\\Solartech_Services_Foundation\\vendor\\laravel\\framework\\src\\Illuminate\\Container\\Container.php(758): Illuminate\\Container\\Container->build('App\\\\Http\\\\Contro...')
#1 C:\\laragon\\www\\Solartech_Services_Foundation\\vendor\\laravel\\framework\\src\\Illuminate\\Foundation\\Application.php(851): Illuminate\\Container\\Container->resolve('App\\\\Http\\\\Contro...', Array, true)
#2 C:\\laragon\\www\\Solartech_Services_Foundation\\vendor\\laravel\\framework\\src\\Illuminate\\Container\\Container.php(694): Illuminate\\Foundation\\Application->resolve('App\\\\Http\\\\Contro...', Array)
#3 C:\\laragon\\www\\Solartech_Services_Foundation\\vendor\\laravel\\framework\\src\\Illuminate\\Foundation\\Application.php(836): Illuminate\\Container\\Container->make('App\\\\Http\\\\Contro...', Array)
#4 C:\\laragon\\www\\Solartech_Services_Foundation\\vendor\\laravel\\framework\\src\\Illuminate\\Routing\\Route.php(276): Illuminate\\Foundation\\Application->make('App\\\\Http\\\\Contro...')
#5 C:\\laragon\\www\\Solartech_Services_Foundation\\vendor\\laravel\\framework\\src\\Illuminate\\Routing\\Route.php(1080): Illuminate\\Routing\\Route->getController()
#6 C:\\laragon\\www\\Solartech_Services_Foundation\\vendor\\laravel\\framework\\src\\Illuminate\\Routing\\Route.php(1023): Illuminate\\Routing\\Route->controllerMiddleware()
#7 C:\\laragon\\www\\Solartech_Services_Foundation\\vendor\\laravel\\framework\\src\\Illuminate\\Routing\\Router.php(734): Illuminate\\Routing\\Route->gatherMiddleware()
#8 C:\\laragon\\www\\Solartech_Services_Foundation\\vendor\\laravel\\framework\\src\\Illuminate\\Foundation\\Console\\RouteListCommand.php(175): Illuminate\\Routing\\Router->gatherRouteMiddleware(Object(Illuminate\\Routing\\Route))
#9 C:\\laragon\\www\\Solartech_Services_Foundation\\vendor\\laravel\\framework\\src\\Illuminate\\Foundation\\Console\\RouteListCommand.php(119): Illuminate\\Foundation\\Console\\RouteListCommand->getMiddleware(Object(Illuminate\\Routing\\Route))
#10 C:\\laragon\\www\\Solartech_Services_Foundation\\vendor\\laravel\\framework\\src\\Illuminate\\Foundation\\Console\\RouteListCommand.php(91): Illuminate\\Foundation\\Console\\RouteListCommand->getRouteInformation(Object(Illuminate\\Routing\\Route))
#11 [internal function]: Illuminate\\Foundation\\Console\\RouteListCommand->Illuminate\\Foundation\\Console\\{closure}(Object(Illuminate\\Routing\\Route), 206)
#12 C:\\laragon\\www\\Solartech_Services_Foundation\\vendor\\laravel\\framework\\src\\Illuminate\\Collections\\Collection.php(695): array_map(Object(Closure), Array, Array)
#13 C:\\laragon\\www\\Solartech_Services_Foundation\\vendor\\laravel\\framework\\src\\Illuminate\\Foundation\\Console\\RouteListCommand.php(90): Illuminate\\Support\\Collection->map(Object(Closure))
#14 C:\\laragon\\www\\Solartech_Services_Foundation\\vendor\\laravel\\framework\\src\\Illuminate\\Foundation\\Console\\RouteListCommand.php(76): Illuminate\\Foundation\\Console\\RouteListCommand->getRoutes()
#15 C:\\laragon\\www\\Solartech_Services_Foundation\\vendor\\laravel\\framework\\src\\Illuminate\\Container\\BoundMethod.php(36): Illuminate\\Foundation\\Console\\RouteListCommand->handle()
#16 C:\\laragon\\www\\Solartech_Services_Foundation\\vendor\\laravel\\framework\\src\\Illuminate\\Container\\Util.php(40): Illuminate\\Container\\BoundMethod::Illuminate\\Container\\{closure}()
#17 C:\\laragon\\www\\Solartech_Services_Foundation\\vendor\\laravel\\framework\\src\\Illuminate\\Container\\BoundMethod.php(93): Illuminate\\Container\\Util::unwrapIfClosure(Object(Closure))
#18 C:\\laragon\\www\\Solartech_Services_Foundation\\vendor\\laravel\\framework\\src\\Illuminate\\Container\\BoundMethod.php(35): Illuminate\\Container\\BoundMethod::callBoundMethod(Object(Illuminate\\Foundation\\Application), Array, Object(Closure))
#19 C:\\laragon\\www\\Solartech_Services_Foundation\\vendor\\laravel\\framework\\src\\Illuminate\\Container\\Container.php(653): Illuminate\\Container\\BoundMethod::call(Object(Illuminate\\Foundation\\Application), Array, Array, NULL)
#20 C:\\laragon\\www\\Solartech_Services_Foundation\\vendor\\laravel\\framework\\src\\Illuminate\\Console\\Command.php(136): Illuminate\\Container\\Container->call(Array)
#21 C:\\laragon\\www\\Solartech_Services_Foundation\\vendor\\symfony\\console\\Command\\Command.php(298): Illuminate\\Console\\Command->execute(Object(Symfony\\Component\\Console\\Input\\ArgvInput), Object(Illuminate\\Console\\OutputStyle))
#22 C:\\laragon\\www\\Solartech_Services_Foundation\\vendor\\laravel\\framework\\src\\Illuminate\\Console\\Command.php(120): Symfony\\Component\\Console\\Command\\Command->run(Object(Symfony\\Component\\Console\\Input\\ArgvInput), Object(Illuminate\\Console\\OutputStyle))
#23 C:\\laragon\\www\\Solartech_Services_Foundation\\vendor\\symfony\\console\\Application.php(1040): Illuminate\\Console\\Command->run(Object(Symfony\\Component\\Console\\Input\\ArgvInput), Object(Symfony\\Component\\Console\\Output\\ConsoleOutput))
#24 C:\\laragon\\www\\Solartech_Services_Foundation\\vendor\\symfony\\console\\Application.php(301): Symfony\\Component\\Console\\Application->doRunCommand(Object(Illuminate\\Foundation\\Console\\RouteListCommand), Object(Symfony\\Component\\Console\\Input\\ArgvInput), Object(Symfony\\Component\\Console\\Output\\ConsoleOutput))
#25 C:\\laragon\\www\\Solartech_Services_Foundation\\vendor\\symfony\\console\\Application.php(171): Symfony\\Component\\Console\\Application->doRun(Object(Symfony\\Component\\Console\\Input\\ArgvInput), Object(Symfony\\Component\\Console\\Output\\ConsoleOutput))
#26 C:\\laragon\\www\\Solartech_Services_Foundation\\vendor\\laravel\\framework\\src\\Illuminate\\Console\\Application.php(94): Symfony\\Component\\Console\\Application->run(Object(Symfony\\Component\\Console\\Input\\ArgvInput), Object(Symfony\\Component\\Console\\Output\\ConsoleOutput))
#27 C:\\laragon\\www\\Solartech_Services_Foundation\\vendor\\laravel\\framework\\src\\Illuminate\\Foundation\\Console\\Kernel.php(129): Illuminate\\Console\\Application->run(Object(Symfony\\Component\\Console\\Input\\ArgvInput), Object(Symfony\\Component\\Console\\Output\\ConsoleOutput))
#28 C:\\laragon\\www\\Solartech_Services_Foundation\\artisan(35): Illuminate\\Foundation\\Console\\Kernel->handle(Object(Symfony\\Component\\Console\\Input\\ArgvInput), Object(Symfony\\Component\\Console\\Output\\ConsoleOutput))
#29 {main}

[previous exception] [object] (ReflectionException(code: -1): Class \"App\\Http\\Controllers\\Backend\\Content\\AccountController\" does not exist at C:\\laragon\\www\\Solartech_Services_Foundation\\vendor\\laravel\\framework\\src\\Illuminate\\Container\\Container.php:877)
[stacktrace]
#0 C:\\laragon\\www\\Solartech_Services_Foundation\\vendor\\laravel\\framework\\src\\Illuminate\\Container\\Container.php(877): ReflectionClass->__construct('App\\\\Http\\\\Contro...')
#1 C:\\laragon\\www\\Solartech_Services_Foundation\\vendor\\laravel\\framework\\src\\Illuminate\\Container\\Container.php(758): Illuminate\\Container\\Container->build('App\\\\Http\\\\Contro...')
#2 C:\\laragon\\www\\Solartech_Services_Foundation\\vendor\\laravel\\framework\\src\\Illuminate\\Foundation\\Application.php(851): Illuminate\\Container\\Container->resolve('App\\\\Http\\\\Contro...', Array, true)
#3 C:\\laragon\\www\\Solartech_Services_Foundation\\vendor\\laravel\\framework\\src\\Illuminate\\Container\\Container.php(694): Illuminate\\Foundation\\Application->resolve('App\\\\Http\\\\Contro...', Array)
#4 C:\\laragon\\www\\Solartech_Services_Foundation\\vendor\\laravel\\framework\\src\\Illuminate\\Foundation\\Application.php(836): Illuminate\\Container\\Container->make('App\\\\Http\\\\Contro...', Array)
#5 C:\\laragon\\www\\Solartech_Services_Foundation\\vendor\\laravel\\framework\\src\\Illuminate\\Routing\\Route.php(276): Illuminate\\Foundation\\Application->make('App\\\\Http\\\\Contro...')
#6 C:\\laragon\\www\\Solartech_Services_Foundation\\vendor\\laravel\\framework\\src\\Illuminate\\Routing\\Route.php(1080): Illuminate\\Routing\\Route->getController()
#7 C:\\laragon\\www\\Solartech_Services_Foundation\\vendor\\laravel\\framework\\src\\Illuminate\\Routing\\Route.php(1023): Illuminate\\Routing\\Route->controllerMiddleware()
#8 C:\\laragon\\www\\Solartech_Services_Foundation\\vendor\\laravel\\framework\\src\\Illuminate\\Routing\\Router.php(734): Illuminate\\Routing\\Route->gatherMiddleware()
#9 C:\\laragon\\www\\Solartech_Services_Foundation\\vendor\\laravel\\framework\\src\\Illuminate\\Foundation\\Console\\RouteListCommand.php(175): Illuminate\\Routing\\Router->gatherRouteMiddleware(Object(Illuminate\\Routing\\Route))
#10 C:\\laragon\\www\\Solartech_Services_Foundation\\vendor\\laravel\\framework\\src\\Illuminate\\Foundation\\Console\\RouteListCommand.php(119): Illuminate\\Foundation\\Console\\RouteListCommand->getMiddleware(Object(Illuminate\\Routing\\Route))
#11 C:\\laragon\\www\\Solartech_Services_Foundation\\vendor\\laravel\\framework\\src\\Illuminate\\Foundation\\Console\\RouteListCommand.php(91): Illuminate\\Foundation\\Console\\RouteListCommand->getRouteInformation(Object(Illuminate\\Routing\\Route))
#12 [internal function]: Illuminate\\Foundation\\Console\\RouteListCommand->Illuminate\\Foundation\\Console\\{closure}(Object(Illuminate\\Routing\\Route), 206)
#13 C:\\laragon\\www\\Solartech_Services_Foundation\\vendor\\laravel\\framework\\src\\Illuminate\\Collections\\Collection.php(695): array_map(Object(Closure), Array, Array)
#14 C:\\laragon\\www\\Solartech_Services_Foundation\\vendor\\laravel\\framework\\src\\Illuminate\\Foundation\\Console\\RouteListCommand.php(90): Illuminate\\Support\\Collection->map(Object(Closure))
#15 C:\\laragon\\www\\Solartech_Services_Foundation\\vendor\\laravel\\framework\\src\\Illuminate\\Foundation\\Console\\RouteListCommand.php(76): Illuminate\\Foundation\\Console\\RouteListCommand->getRoutes()
#16 C:\\laragon\\www\\Solartech_Services_Foundation\\vendor\\laravel\\framework\\src\\Illuminate\\Container\\BoundMethod.php(36): Illuminate\\Foundation\\Console\\RouteListCommand->handle()
#17 C:\\laragon\\www\\Solartech_Services_Foundation\\vendor\\laravel\\framework\\src\\Illuminate\\Container\\Util.php(40): Illuminate\\Container\\BoundMethod::Illuminate\\Container\\{closure}()
#18 C:\\laragon\\www\\Solartech_Services_Foundation\\vendor\\laravel\\framework\\src\\Illuminate\\Container\\BoundMethod.php(93): Illuminate\\Container\\Util::unwrapIfClosure(Object(Closure))
#19 C:\\laragon\\www\\Solartech_Services_Foundation\\vendor\\laravel\\framework\\src\\Illuminate\\Container\\BoundMethod.php(35): Illuminate\\Container\\BoundMethod::callBoundMethod(Object(Illuminate\\Foundation\\Application), Array, Object(Closure))
#20 C:\\laragon\\www\\Solartech_Services_Foundation\\vendor\\laravel\\framework\\src\\Illuminate\\Container\\Container.php(653): Illuminate\\Container\\BoundMethod::call(Object(Illuminate\\Foundation\\Application), Array, Array, NULL)
#21 C:\\laragon\\www\\Solartech_Services_Foundation\\vendor\\laravel\\framework\\src\\Illuminate\\Console\\Command.php(136): Illuminate\\Container\\Container->call(Array)
#22 C:\\laragon\\www\\Solartech_Services_Foundation\\vendor\\symfony\\console\\Command\\Command.php(298): Illuminate\\Console\\Command->execute(Object(Symfony\\Component\\Console\\Input\\ArgvInput), Object(Illuminate\\Console\\OutputStyle))
#23 C:\\laragon\\www\\Solartech_Services_Foundation\\vendor\\laravel\\framework\\src\\Illuminate\\Console\\Command.php(120): Symfony\\Component\\Console\\Command\\Command->run(Object(Symfony\\Component\\Console\\Input\\ArgvInput), Object(Illuminate\\Console\\OutputStyle))
#24 C:\\laragon\\www\\Solartech_Services_Foundation\\vendor\\symfony\\console\\Application.php(1040): Illuminate\\Console\\Command->run(Object(Symfony\\Component\\Console\\Input\\ArgvInput), Object(Symfony\\Component\\Console\\Output\\ConsoleOutput))
#25 C:\\laragon\\www\\Solartech_Services_Foundation\\vendor\\symfony\\console\\Application.php(301): Symfony\\Component\\Console\\Application->doRunCommand(Object(Illuminate\\Foundation\\Console\\RouteListCommand), Object(Symfony\\Component\\Console\\Input\\ArgvInput), Object(Symfony\\Component\\Console\\Output\\ConsoleOutput))
#26 C:\\laragon\\www\\Solartech_Services_Foundation\\vendor\\symfony\\console\\Application.php(171): Symfony\\Component\\Console\\Application->doRun(Object(Symfony\\Component\\Console\\Input\\ArgvInput), Object(Symfony\\Component\\Console\\Output\\ConsoleOutput))
#27 C:\\laragon\\www\\Solartech_Services_Foundation\\vendor\\laravel\\framework\\src\\Illuminate\\Console\\Application.php(94): Symfony\\Component\\Console\\Application->run(Object(Symfony\\Component\\Console\\Input\\ArgvInput), Object(Symfony\\Component\\Console\\Output\\ConsoleOutput))
#28 C:\\laragon\\www\\Solartech_Services_Foundation\\vendor\\laravel\\framework\\src\\Illuminate\\Foundation\\Console\\Kernel.php(129): Illuminate\\Console\\Application->run(Object(Symfony\\Component\\Console\\Input\\ArgvInput), Object(Symfony\\Component\\Console\\Output\\ConsoleOutput))
#29 C:\\laragon\\www\\Solartech_Services_Foundation\\artisan(35): Illuminate\\Foundation\\Console\\Kernel->handle(Object(Symfony\\Component\\Console\\Input\\ArgvInput), Object(Symfony\\Component\\Console\\Output\\ConsoleOutput))
#30 {main}
"} 
[2025-11-26 13:00:41] local.ERROR: Uncaught Whoops\Exception\ErrorException: Using ${var} in strings is deprecated, use {$var} instead in C:\laragon\www\Solartech_Services_Foundation\vendor\facade\ignition\src\SolutionProviders\MergeConflictSolutionProvider.php:52
Stack trace:
#0 C:\laragon\www\Solartech_Services_Foundation\vendor\composer\ClassLoader.php(576): Whoops\Run->handleError(8192, 'Using ${var} in...', 'C:\\laragon\\www\\...', 52)
#1 C:\laragon\www\Solartech_Services_Foundation\vendor\composer\ClassLoader.php(576): include()
#2 C:\laragon\www\Solartech_Services_Foundation\vendor\composer\ClassLoader.php(427): Composer\Autoload\{closure}('C:\\laragon\\www\\...')
#3 [internal function]: Composer\Autoload\ClassLoader->loadClass('Facade\\Ignition...')
#4 C:\laragon\www\Solartech_Services_Foundation\vendor\facade\ignition\src\SolutionProviders\SolutionProviderRepository.php(50): class_implements('Facade\\Ignition...')
#5 [internal function]: Facade\Ignition\SolutionProviders\SolutionProviderRepository->Facade\Ignition\SolutionProviders\{closure}('Facade\\Ignition...', 10)
#6 C:\laragon\www\Solartech_Services_Foundation\vendor\laravel\framework\src\Illuminate\Collections\Arr.php(717): array_filter(Array, Object(Closure), 1)
#7 C:\laragon\www\Solartech_Services_Foundation\vendor\laravel\framework\src\Illuminate\Collections\Collection.php(358): Illuminate\Support\Arr::where(Array, Object(Closure))
#8 C:\laragon\www\Solartech_Services_Foundation\vendor\facade\ignition\src\SolutionProviders\SolutionProviderRepository.php(49): Illuminate\Support\Collection->filter(Object(Closure))
#9 C:\laragon\www\Solartech_Services_Foundation\vendor\nunomaduro\collision\src\Adapters\Laravel\IgnitionSolutionsRepository.php(36): Facade\Ignition\SolutionProviders\SolutionProviderRepository->getSolutionsForThrowable(Object(Whoops\Exception\ErrorException))
#10 C:\laragon\www\Solartech_Services_Foundation\vendor\nunomaduro\collision\src\Writer.php(244): NunoMaduro\Collision\Adapters\Laravel\IgnitionSolutionsRepository->getFromThrowable(Object(Whoops\Exception\ErrorException))
#11 C:\laragon\www\Solartech_Services_Foundation\vendor\nunomaduro\collision\src\Writer.php(123): NunoMaduro\Collision\Writer->renderSolution(Object(Whoops\Exception\Inspector))
#12 C:\laragon\www\Solartech_Services_Foundation\vendor\nunomaduro\collision\src\Handler.php(39): NunoMaduro\Collision\Writer->write(Object(Whoops\Exception\Inspector))
#13 C:\laragon\www\Solartech_Services_Foundation\vendor\filp\whoops\src\Whoops\Run.php(370): NunoMaduro\Collision\Handler->handle(Object(Whoops\Exception\ErrorException))
#14 [internal function]: Whoops\Run->handleException(Object(Whoops\Exception\ErrorException))
#15 {main}
  thrown {"exception":"[object] (Symfony\\Component\\ErrorHandler\\Error\\FatalError(code: 0): Uncaught Whoops\\Exception\\ErrorException: Using ${var} in strings is deprecated, use {$var} instead in C:\\laragon\\www\\Solartech_Services_Foundation\\vendor\\facade\\ignition\\src\\SolutionProviders\\MergeConflictSolutionProvider.php:52
Stack trace:
#0 C:\\laragon\\www\\Solartech_Services_Foundation\\vendor\\composer\\ClassLoader.php(576): Whoops\\Run->handleError(8192, 'Using ${var} in...', 'C:\\\\laragon\\\\www\\\\...', 52)
#1 C:\\laragon\\www\\Solartech_Services_Foundation\\vendor\\composer\\ClassLoader.php(576): include()
#2 C:\\laragon\\www\\Solartech_Services_Foundation\\vendor\\composer\\ClassLoader.php(427): Composer\\Autoload\\{closure}('C:\\\\laragon\\\\www\\\\...')
#3 [internal function]: Composer\\Autoload\\ClassLoader->loadClass('Facade\\\\Ignition...')
#4 C:\\laragon\\www\\Solartech_Services_Foundation\\vendor\\facade\\ignition\\src\\SolutionProviders\\SolutionProviderRepository.php(50): class_implements('Facade\\\\Ignition...')
#5 [internal function]: Facade\\Ignition\\SolutionProviders\\SolutionProviderRepository->Facade\\Ignition\\SolutionProviders\\{closure}('Facade\\\\Ignition...', 10)
#6 C:\\laragon\\www\\Solartech_Services_Foundation\\vendor\\laravel\\framework\\src\\Illuminate\\Collections\\Arr.php(717): array_filter(Array, Object(Closure), 1)
#7 C:\\laragon\\www\\Solartech_Services_Foundation\\vendor\\laravel\\framework\\src\\Illuminate\\Collections\\Collection.php(358): Illuminate\\Support\\Arr::where(Array, Object(Closure))
#8 C:\\laragon\\www\\Solartech_Services_Foundation\\vendor\\facade\\ignition\\src\\SolutionProviders\\SolutionProviderRepository.php(49): Illuminate\\Support\\Collection->filter(Object(Closure))
#9 C:\\laragon\\www\\Solartech_Services_Foundation\\vendor\\nunomaduro\\collision\\src\\Adapters\\Laravel\\IgnitionSolutionsRepository.php(36): Facade\\Ignition\\SolutionProviders\\SolutionProviderRepository->getSolutionsForThrowable(Object(Whoops\\Exception\\ErrorException))
#10 C:\\laragon\\www\\Solartech_Services_Foundation\\vendor\\nunomaduro\\collision\\src\\Writer.php(244): NunoMaduro\\Collision\\Adapters\\Laravel\\IgnitionSolutionsRepository->getFromThrowable(Object(Whoops\\Exception\\ErrorException))
#11 C:\\laragon\\www\\Solartech_Services_Foundation\\vendor\\nunomaduro\\collision\\src\\Writer.php(123): NunoMaduro\\Collision\\Writer->renderSolution(Object(Whoops\\Exception\\Inspector))
#12 C:\\laragon\\www\\Solartech_Services_Foundation\\vendor\\nunomaduro\\collision\\src\\Handler.php(39): NunoMaduro\\Collision\\Writer->write(Object(Whoops\\Exception\\Inspector))
#13 C:\\laragon\\www\\Solartech_Services_Foundation\\vendor\\filp\\whoops\\src\\Whoops\\Run.php(370): NunoMaduro\\Collision\\Handler->handle(Object(Whoops\\Exception\\ErrorException))
#14 [internal function]: Whoops\\Run->handleException(Object(Whoops\\Exception\\ErrorException))
#15 {main}
  thrown at C:\\laragon\\www\\Solartech_Services_Foundation\\vendor\\facade\\ignition\\src\\SolutionProviders\\MergeConflictSolutionProvider.php:52)
[stacktrace]
#0 {main}
"} 
